2025-05-23 08:21:48 [OA INFO   ] 7 -- Annotating a plant chloroplast genome...
2025-05-23 08:21:48 [OA INFO   ] 7 -- Normalizing the structure of the Chloroplast sequence...
2025-05-23 08:21:48 [OA INFO   ] 7 --    LSC + IRB + SSC + IRA
2025-05-23 08:21:48 [OA DEBUG  ] 61 -- Creating temp directory /tmp/ORG.normalize_proc_61_x3INjY
2025-05-23 08:21:48 [OA DEBUG  ] 61 -- Pushing temp directory /tmp/ORG.normalize_proc_61_x3INjY
2025-05-23 08:21:48 [OA DEBUG  ] 61 -- Stack : /tmp/ORG.normalize_proc_61_x3INjY 
2025-05-23 08:21:48 [OA DEBUG  ] 61 -- Running on : /tmp/ORG.organnot_proc_7_Z9IAuq/toannotate.fasta
2025-05-23 08:21:49 [OA INFO   ] 61 -- Computing the genome size...
2025-05-23 08:21:49 [OA INFO   ] 61 --  --> 136649 bp
2025-05-23 08:21:49 [OA INFO   ] 61 -- Done
2025-05-23 08:21:49 [OA INFO   ] 61 -- Locating SSC and LSC by similarity...
2025-05-23 08:21:49 [OA INFO   ] 61 -- Done 2030 matches identified
2025-05-23 08:21:49 [OA INFO   ] 61 -- Looking for long inverted repeats...
2025-05-23 08:21:49 [OA INFO   ] 61 -- Done
2025-05-23 08:21:50 [OA INFO   ] 61 --  --> 11 repeats identified
2025-05-23 08:21:50 [OA INFO   ] 61 -- Marking and selecting the best inverted repeat...
2025-05-23 08:21:50 [OA INFO   ] 61 -- Done
2025-05-23 08:21:50 [OA INFO   ] 61 --  --> IR size : IRa = 21653 /  IRb = 21653
2025-05-23 08:21:50 [OA INFO   ] 61 --  --> IR Score: 1.30468
2025-05-23 08:21:50 [OA INFO   ] 61 -- IRB is at the end of the original sequence
2025-05-23 08:21:50 [OA INFO   ] 61 -- Recomputing location of the IR...
2025-05-23 08:21:50 [OA INFO   ] 61 -- Locating SSC and LSC by similarity...
2025-05-23 08:21:51 [OA INFO   ] 61 -- Done 2048 matches identified
2025-05-23 08:21:51 [OA INFO   ] 61 -- Looking for long inverted repeats...
2025-05-23 08:21:51 [OA INFO   ] 61 -- Done
2025-05-23 08:21:51 [OA INFO   ] 61 --  --> 11 repeats identified
2025-05-23 08:21:51 [OA INFO   ] 61 -- Marking and selecting the best inverted repeat...
2025-05-23 08:21:52 [OA INFO   ] 61 -- Done
2025-05-23 08:21:52 [OA INFO   ] 61 --  --> IR size : IRa = 21653 /  IRb = 21653
2025-05-23 08:21:52 [OA INFO   ] 61 --  --> IR Score: 1.29981
2025-05-23 08:21:52 [OA INFO   ] 61 -- Done
2025-05-23 08:21:52 [OA DEBUG  ] 61 -- Poping temp directory /tmp/ORG.normalize_proc_61_x3INjY
2025-05-23 08:21:52 [OA DEBUG  ] 61 -- Stack : 
2025-05-23 08:21:52 [OA INFO   ] 7 -- Done.
2025-05-23 08:21:52 [OA INFO   ] 7 -- Annotating the Inverted repeats and Single copies (LSC and SSC)...
2025-05-23 08:21:52 [OA INFO   ] 206 -- Computing the genome size...
2025-05-23 08:21:52 [OA INFO   ] 206 --  --> 136649 bp
2025-05-23 08:21:52 [OA INFO   ] 206 -- Done
2025-05-23 08:21:52 [OA INFO   ] 206 -- Locating SSC and LSC by similarity...
2025-05-23 08:21:53 [OA INFO   ] 206 -- Done 2030 matches identified
2025-05-23 08:21:53 [OA INFO   ] 206 -- Looking for long inverted repeats...
2025-05-23 08:21:53 [OA INFO   ] 206 -- Done
2025-05-23 08:21:53 [OA INFO   ] 206 --  --> 11 repeats identified
2025-05-23 08:21:53 [OA INFO   ] 206 -- Marking and selecting the best inverted repeat...
2025-05-23 08:21:54 [OA INFO   ] 206 -- Done
2025-05-23 08:21:54 [OA INFO   ] 206 --  --> IR size : IRa = 21653 /  IRb = 21653
2025-05-23 08:21:54 [OA INFO   ] 206 --  --> IR Score: 1.30468
2025-05-23 08:21:54 [OA INFO   ] 7 -- Done.
2025-05-23 08:21:54 [OA INFO   ] 7 -- Extends the sequence to allows for features overlaping juction
2025-05-23 08:21:54 [OA INFO   ] 7 -- Annotating the tRNA...
2025-05-23 08:21:55 [OA INFO   ] 7 -- Done.
2025-05-23 08:21:55 [OA INFO   ] 7 -- Annotating the rRNA genes...
