2025-05-22 12:04:14 [OA INFO ] 8 -- Locus tag prefix provided: no
2025-05-22 12:04:14 [OA INFO ] 8 -- Locus tag numbered from..: 1
2025-05-22 12:04:14 [OA INFO ] 8 -- NCBI taxid provided......: no
2025-05-22 12:04:14 [OA INFO ] 8 -- Annotating mode..........: nucrdna
2025-05-22 12:04:14 [OA INFO ] 8 -- Sequence normalization...: yes
2025-05-22 12:04:14 [OA INFO ] 8 -- IR detection mode........: yes
2025-05-22 12:04:14 [OA INFO ] 8 -- CDS detection mode.......: yes
2025-05-22 12:04:14 [OA INFO ] 8 -- pass 1........: yes
2025-05-22 12:04:14 [OA INFO ] 8 -- pass 2........: yes
2025-05-22 12:04:14 [OA INFO ] 8 -- pass 3........: yes
2025-05-22 12:04:14 [OA INFO ] 8 -- tRNA detection mode......: yes
2025-05-22 12:04:14 [OA INFO ] 8 -- rRNA detection mode......: yes
2025-05-22 12:04:14 [OA INFO ] 8 -- Organism.................: no
2025-05-22 12:04:14 [OA INFO ] 8 -- Country..................: no
2025-05-22 12:04:14 [OA INFO ] 8 -- Partial mode.............: 0
2025-05-22 12:04:14 [OA INFO ] 8 -- Minimum length...........: 0
2025-05-22 12:04:14 [OA INFO ] 8 -- Annotating a plant rDNA cistron...
2025-05-22 12:04:14 [OA INFO ] 8 -- Normalizing the structure of the cistron sequence...
2025-05-22 12:04:14 [OA INFO ] 60 -- Normalizing nuclear rDNA cistron...
2025-05-22 12:04:14 [OA INFO ] 60 -- Sequence length 9933
2025-05-22 12:04:15 [OA INFO ] 60 -- Done.
2025-05-22 12:04:15 [OA INFO ] 8 -- Done.
2025-05-22 12:04:15 [OA INFO ] 8 -- Annotating the rRNA genes...
2025-05-22 12:04:15 [OA INFO ] 142 -- Annotating ITS and TSU...
ITSx -- Identifies ITS sequences and extracts the ITS region
by Johan Bengtsson-Palme et al., University of Gothenburg
Version: 1.0.11
-----------------------------------------------------------------
Thu May 22 12:04:15 2025 : Preparing HMM database (should be quick)...
Thu May 22 12:04:15 2025 : Checking and handling input sequence data (should not take long)...
Thu May 22 12:04:15 2025 : Comparing sequences to HMM database (this may take a long while)...
    Thu May 22 12:04:16 2025 : Alveolates analysis of main strand finished.
    Thu May 22 12:04:16 2025 : Alveolates analysis of complementary strand finished.
    Thu May 22 12:04:16 2025 : Bryophyta analysis of main strand finished.
    Thu May 22 12:04:16 2025 : Bryophyta analysis of complementary strand finished.
    Thu May 22 12:04:16 2025 : Bacillariophyta analysis of main strand finished.
    Thu May 22 12:04:16 2025 : Bacillariophyta analysis of complementary strand finished.
    Thu May 22 12:04:16 2025 : Amoebozoa analysis of main strand finished.
    Thu May 22 12:04:16 2025 : Amoebozoa analysis of complementary strand finished.
    Thu May 22 12:04:16 2025 : Euglenozoa analysis of main strand finished.
    Thu May 22 12:04:16 2025 : Euglenozoa analysis of complementary strand finished.
    Thu May 22 12:04:18 2025 : Fungi analysis of main strand finished.
    Thu May 22 12:04:19 2025 : Fungi analysis of complementary strand finished.
    Thu May 22 12:04:19 2025 : Chlorophyta analysis of main strand finished.
    Thu May 22 12:04:19 2025 : Chlorophyta analysis of complementary strand finished.
    Thu May 22 12:04:19 2025 : Rhodophyta analysis of main strand finished.
    Thu May 22 12:04:19 2025 : Rhodophyta analysis of complementary strand finished.
    Thu May 22 12:04:19 2025 : Phaeophyceae analysis of main strand finished.
    Thu May 22 12:04:19 2025 : Phaeophyceae analysis of complementary strand finished.
    Thu May 22 12:04:19 2025 : Marchantiophyta analysis of main strand finished.
    Thu May 22 12:04:20 2025 : Marchantiophyta analysis of complementary strand finished.
    Thu May 22 12:04:21 2025 : Metazoa analysis of main strand finished.
    Thu May 22 12:04:22 2025 : Metazoa analysis of complementary strand finished.
    Thu May 22 12:04:22 2025 : Oomycota analysis of main strand finished.
    Thu May 22 12:04:22 2025 : Oomycota analysis of complementary strand finished.
    Thu May 22 12:04:22 2025 : Haptophyceae analysis of main strand finished.
    Thu May 22 12:04:22 2025 : Haptophyceae analysis of complementary strand finished.
    Thu May 22 12:04:22 2025 : Raphidophyceae analysis of main strand finished.
    Thu May 22 12:04:22 2025 : Raphidophyceae analysis of complementary strand finished.
    Thu May 22 12:04:22 2025 : Rhizaria analysis of main strand finished.
    Thu May 22 12:04:22 2025 : Rhizaria analysis of complementary strand finished.
    Thu May 22 12:04:22 2025 : Synurophyceae analysis of main strand finished.
    Thu May 22 12:04:22 2025 : Synurophyceae analysis of complementary strand finished.
    Thu May 22 12:04:23 2025 : Tracheophyta analysis of main strand finished.
    Thu May 22 12:04:24 2025 : Tracheophyta analysis of complementary strand finished.
    Thu May 22 12:04:24 2025 : Eustigmatophyceae analysis of main strand finished.
    Thu May 22 12:04:24 2025 : Eustigmatophyceae analysis of complementary strand finished.
Thu May 22 12:04:24 2025 : Analysing results of HMM-scan (this might take quite some time)...
Thu May 22 12:04:24 2025 : Extraction finished!
-----------------------------------------------------------------
Thank you for using ITSx!
Please report bugs or unsupported lineages to itsx@microbiology.se

2025-05-22 12:04:25 [OA INFO ] 142 -- Done.
2025-05-22 12:04:25 [OA INFO ] 8 -- Done.
2025-05-22 12:04:25 [OA INFO ] 8 -- Printing minimal header...
2025-05-22 12:04:25 [OA INFO ] 8 -- Done.
2025-05-22 12:04:25 [OA INFO ] 8 -- Printing annotations header...
2025-05-22 12:04:25 [OA INFO ] 8 -- Done.
2025-05-22 12:04:25 [OA INFO ] 8 -- Printing the source feature
2025-05-22 12:04:25 [OA INFO ] 8 -- Nuclear sequence
2025-05-22 12:04:25 [OA INFO ] 8 -- Done.
2025-05-22 12:04:25 [OA INFO ] 8 -- Ordering annotations...
2025-05-22 12:04:25 [OA INFO ] 8 -- Done.
2025-05-22 12:04:25 [OA INFO ] 8 -- Unifying gene names
2025-05-22 12:04:25 [OA INFO ] 8 -- Done.
2025-05-22 12:04:25 [OA INFO ] 8 -- Clearing locus tags done.
2025-05-22 12:04:25 [OA INFO ] 8 -- Clearing of tags done.
2025-05-22 12:04:25 [OA INFO ] 8 -- Closing annotations table...
2025-05-22 12:04:25 [OA INFO ] 8 -- Done.
2025-05-22 12:04:25 [OA INFO ] 8 -- Computing statistics on nucleotide usage...
2025-05-22 12:04:25 [OA INFO ] 8 -- Done.
2025-05-22 12:04:25 [OA INFO ] 8 -- Reformating sequences...
2025-05-22 12:04:25 [OA INFO ] 8 -- Sequence length 9933
2025-05-22 12:04:25 [OA INFO ] 8 -- lines 167
2025-05-22 12:04:25 [OA INFO ] 8 -- Done.
2025-05-22 12:04:25 [OA INFO ] 8 -- Closing sequence part...
2025-05-22 12:04:25 [OA INFO ] 8 -- Done.
2025-05-22 12:04:25 [OA INFO   ] 8 -- Annotation done.
