2025-05-22 13:09:03 [OA INFO ] 7 -- Locus tag prefix provided: no
2025-05-22 13:09:03 [OA INFO ] 7 -- Locus tag numbered from..: 1
2025-05-22 13:09:03 [OA INFO ] 7 -- NCBI taxid provided......: no
2025-05-22 13:09:03 [OA INFO ] 7 -- Annotating mode..........: nucrdna
2025-05-22 13:09:03 [OA INFO ] 7 -- Sequence normalization...: yes
2025-05-22 13:09:03 [OA INFO ] 7 -- IR detection mode........: yes
2025-05-22 13:09:03 [OA INFO ] 7 -- CDS detection mode.......: yes
2025-05-22 13:09:03 [OA INFO ] 7 -- pass 1........: yes
2025-05-22 13:09:03 [OA INFO ] 7 -- pass 2........: yes
2025-05-22 13:09:03 [OA INFO ] 7 -- pass 3........: yes
2025-05-22 13:09:03 [OA INFO ] 7 -- tRNA detection mode......: yes
2025-05-22 13:09:03 [OA INFO ] 7 -- rRNA detection mode......: yes
2025-05-22 13:09:03 [OA INFO ] 7 -- Organism.................: no
2025-05-22 13:09:03 [OA INFO ] 7 -- Country..................: no
2025-05-22 13:09:03 [OA INFO ] 7 -- Partial mode.............: 0
2025-05-22 13:09:03 [OA INFO ] 7 -- Minimum length...........: 0
2025-05-22 13:09:03 [OA INFO ] 7 -- Annotating a plant rDNA cistron...
2025-05-22 13:09:03 [OA INFO ] 7 -- Normalizing the structure of the cistron sequence...
2025-05-22 13:09:03 [OA INFO ] 59 -- Normalizing nuclear rDNA cistron...
2025-05-22 13:09:03 [OA INFO ] 59 -- Sequence length 872
2025-05-22 13:09:03 [OA ERROR ] 59 -- Cannot determine the Cistron orientation
2025-05-22 13:09:03 [OA INFO ] 7 -- Done.
2025-05-22 13:09:03 [OA INFO ] 7 -- Annotating the rRNA genes...
2025-05-22 13:09:03 [OA INFO ] 135 -- Annotating ITS and TSU...
ITSx -- Identifies ITS sequences and extracts the ITS region
by Johan Bengtsson-Palme et al., University of Gothenburg
Version: 1.0.11
-----------------------------------------------------------------
Thu May 22 13:09:04 2025 : Preparing HMM database (should be quick)...
Thu May 22 13:09:04 2025 : Checking and handling input sequence data (should not take long)...
Thu May 22 13:09:04 2025 : Comparing sequences to HMM database (this may take a long while)...
    Thu May 22 13:09:04 2025 : Alveolates analysis of main strand finished.
    Thu May 22 13:09:04 2025 : Alveolates analysis of complementary strand finished.
    Thu May 22 13:09:04 2025 : Bryophyta analysis of main strand finished.
    Thu May 22 13:09:04 2025 : Bryophyta analysis of complementary strand finished.
    Thu May 22 13:09:04 2025 : Bacillariophyta analysis of main strand finished.
    Thu May 22 13:09:04 2025 : Bacillariophyta analysis of complementary strand finished.
    Thu May 22 13:09:04 2025 : Amoebozoa analysis of main strand finished.
    Thu May 22 13:09:04 2025 : Amoebozoa analysis of complementary strand finished.
    Thu May 22 13:09:04 2025 : Euglenozoa analysis of main strand finished.
    Thu May 22 13:09:04 2025 : Euglenozoa analysis of complementary strand finished.
    Thu May 22 13:09:04 2025 : Fungi analysis of main strand finished.
    Thu May 22 13:09:04 2025 : Fungi analysis of complementary strand finished.
    Thu May 22 13:09:04 2025 : Chlorophyta analysis of main strand finished.
    Thu May 22 13:09:04 2025 : Chlorophyta analysis of complementary strand finished.
    Thu May 22 13:09:04 2025 : Rhodophyta analysis of main strand finished.
    Thu May 22 13:09:04 2025 : Rhodophyta analysis of complementary strand finished.
    Thu May 22 13:09:04 2025 : Phaeophyceae analysis of main strand finished.
    Thu May 22 13:09:04 2025 : Phaeophyceae analysis of complementary strand finished.
    Thu May 22 13:09:04 2025 : Marchantiophyta analysis of main strand finished.
    Thu May 22 13:09:04 2025 : Marchantiophyta analysis of complementary strand finished.
    Thu May 22 13:09:04 2025 : Metazoa analysis of main strand finished.
    Thu May 22 13:09:04 2025 : Metazoa analysis of complementary strand finished.
    Thu May 22 13:09:04 2025 : Oomycota analysis of main strand finished.
    Thu May 22 13:09:04 2025 : Oomycota analysis of complementary strand finished.
    Thu May 22 13:09:04 2025 : Haptophyceae analysis of main strand finished.
    Thu May 22 13:09:04 2025 : Haptophyceae analysis of complementary strand finished.
    Thu May 22 13:09:04 2025 : Raphidophyceae analysis of main strand finished.
    Thu May 22 13:09:04 2025 : Raphidophyceae analysis of complementary strand finished.
    Thu May 22 13:09:04 2025 : Rhizaria analysis of main strand finished.
    Thu May 22 13:09:04 2025 : Rhizaria analysis of complementary strand finished.
    Thu May 22 13:09:04 2025 : Synurophyceae analysis of main strand finished.
    Thu May 22 13:09:04 2025 : Synurophyceae analysis of complementary strand finished.
    Thu May 22 13:09:04 2025 : Tracheophyta analysis of main strand finished.
    Thu May 22 13:09:04 2025 : Tracheophyta analysis of complementary strand finished.
    Thu May 22 13:09:04 2025 : Eustigmatophyceae analysis of main strand finished.
    Thu May 22 13:09:04 2025 : Eustigmatophyceae analysis of complementary strand finished.
Thu May 22 13:09:04 2025 : Analysing results of HMM-scan (this might take quite some time)...
Thu May 22 13:09:04 2025 : Extraction finished!
-----------------------------------------------------------------
Thank you for using ITSx!
Please report bugs or unsupported lineages to itsx@microbiology.se


Error: Sequence file /tmp/ORG.organnot_proc_7_VEuTRE/Fritillaria_camschatcensis:61236.norm.fasta is empty or misformatted

2025-05-22 13:09:04 [OA INFO ] 135 -- Done.
2025-05-22 13:09:04 [OA INFO ] 7 -- Done.
2025-05-22 13:09:04 [OA INFO ] 7 -- Printing minimal header...
2025-05-22 13:09:04 [OA INFO ] 7 -- Done.
2025-05-22 13:09:04 [OA INFO ] 7 -- Printing annotations header...
2025-05-22 13:09:04 [OA INFO ] 7 -- Done.
2025-05-22 13:09:04 [OA INFO ] 7 -- Printing the source feature
2025-05-22 13:09:04 [OA INFO ] 7 -- Nuclear sequence
2025-05-22 13:09:04 [OA INFO ] 7 -- Done.
2025-05-22 13:09:04 [OA INFO ] 7 -- Ordering annotations...
2025-05-22 13:09:04 [OA INFO ] 7 -- Done.
2025-05-22 13:09:04 [OA INFO ] 7 -- Unifying gene names
2025-05-22 13:09:04 [OA INFO ] 7 -- Done.
2025-05-22 13:09:04 [OA INFO ] 7 -- Clearing locus tags done.
2025-05-22 13:09:04 [OA INFO ] 7 -- Clearing of tags done.
2025-05-22 13:09:04 [OA INFO ] 7 -- Closing annotations table...
2025-05-22 13:09:04 [OA INFO ] 7 -- Done.
2025-05-22 13:09:04 [OA INFO ] 7 -- Computing statistics on nucleotide usage...
2025-05-22 13:09:04 [OA INFO ] 7 -- Done.
2025-05-22 13:09:04 [OA INFO ] 7 -- Reformating sequences...
2025-05-22 13:09:04 [OA INFO ] 7 -- Sequence length 1
2025-05-22 13:09:04 [OA INFO ] 7 -- lines 0
2025-05-22 13:09:04 [OA INFO ] 7 -- Done.
2025-05-22 13:09:04 [OA INFO ] 7 -- Closing sequence part...
2025-05-22 13:09:04 [OA INFO ] 7 -- Done.
2025-05-22 13:09:04 [OA INFO ] 7 -- Annotating a plant rDNA cistron...
2025-05-22 13:09:04 [OA INFO ] 7 -- Normalizing the structure of the cistron sequence...
2025-05-22 13:09:04 [OA INFO ] 352 -- Normalizing nuclear rDNA cistron...
2025-05-22 13:09:04 [OA INFO ] 352 -- Sequence length 363
2025-05-22 13:09:04 [OA ERROR ] 352 -- Cannot determine the Cistron orientation
2025-05-22 13:09:04 [OA INFO ] 7 -- Done.
2025-05-22 13:09:04 [OA INFO ] 7 -- Annotating the rRNA genes...
2025-05-22 13:09:04 [OA INFO ] 428 -- Annotating ITS and TSU...
ITSx -- Identifies ITS sequences and extracts the ITS region
by Johan Bengtsson-Palme et al., University of Gothenburg
Version: 1.0.11
-----------------------------------------------------------------
Thu May 22 13:09:04 2025 : Preparing HMM database (should be quick)...
Thu May 22 13:09:04 2025 : Checking and handling input sequence data (should not take long)...
Thu May 22 13:09:04 2025 : Comparing sequences to HMM database (this may take a long while)...
    Thu May 22 13:09:04 2025 : Alveolates analysis of main strand finished.
    Thu May 22 13:09:04 2025 : Alveolates analysis of complementary strand finished.
    Thu May 22 13:09:04 2025 : Bryophyta analysis of main strand finished.
    Thu May 22 13:09:04 2025 : Bryophyta analysis of complementary strand finished.
    Thu May 22 13:09:04 2025 : Bacillariophyta analysis of main strand finished.
    Thu May 22 13:09:04 2025 : Bacillariophyta analysis of complementary strand finished.
    Thu May 22 13:09:04 2025 : Amoebozoa analysis of main strand finished.
    Thu May 22 13:09:04 2025 : Amoebozoa analysis of complementary strand finished.
    Thu May 22 13:09:04 2025 : Euglenozoa analysis of main strand finished.
    Thu May 22 13:09:04 2025 : Euglenozoa analysis of complementary strand finished.
    Thu May 22 13:09:04 2025 : Fungi analysis of main strand finished.
    Thu May 22 13:09:04 2025 : Fungi analysis of complementary strand finished.
    Thu May 22 13:09:04 2025 : Chlorophyta analysis of main strand finished.
    Thu May 22 13:09:04 2025 : Chlorophyta analysis of complementary strand finished.
    Thu May 22 13:09:04 2025 : Rhodophyta analysis of main strand finished.
    Thu May 22 13:09:04 2025 : Rhodophyta analysis of complementary strand finished.
    Thu May 22 13:09:04 2025 : Phaeophyceae analysis of main strand finished.
    Thu May 22 13:09:04 2025 : Phaeophyceae analysis of complementary strand finished.
    Thu May 22 13:09:04 2025 : Marchantiophyta analysis of main strand finished.
    Thu May 22 13:09:04 2025 : Marchantiophyta analysis of complementary strand finished.
    Thu May 22 13:09:04 2025 : Metazoa analysis of main strand finished.
    Thu May 22 13:09:04 2025 : Metazoa analysis of complementary strand finished.
    Thu May 22 13:09:04 2025 : Oomycota analysis of main strand finished.
    Thu May 22 13:09:04 2025 : Oomycota analysis of complementary strand finished.
    Thu May 22 13:09:04 2025 : Haptophyceae analysis of main strand finished.
    Thu May 22 13:09:04 2025 : Haptophyceae analysis of complementary strand finished.
    Thu May 22 13:09:04 2025 : Raphidophyceae analysis of main strand finished.
    Thu May 22 13:09:04 2025 : Raphidophyceae analysis of complementary strand finished.
    Thu May 22 13:09:04 2025 : Rhizaria analysis of main strand finished.
    Thu May 22 13:09:04 2025 : Rhizaria analysis of complementary strand finished.
    Thu May 22 13:09:04 2025 : Synurophyceae analysis of main strand finished.
    Thu May 22 13:09:04 2025 : Synurophyceae analysis of complementary strand finished.
    Thu May 22 13:09:04 2025 : Tracheophyta analysis of main strand finished.
    Thu May 22 13:09:04 2025 : Tracheophyta analysis of complementary strand finished.
    Thu May 22 13:09:04 2025 : Eustigmatophyceae analysis of main strand finished.
    Thu May 22 13:09:04 2025 : Eustigmatophyceae analysis of complementary strand finished.
Thu May 22 13:09:04 2025 : Analysing results of HMM-scan (this might take quite some time)...
Thu May 22 13:09:04 2025 : Extraction finished!
-----------------------------------------------------------------
Thank you for using ITSx!
Please report bugs or unsupported lineages to itsx@microbiology.se


Error: Sequence file /tmp/ORG.organnot_proc_7_VEuTRE/Fritillaria_camschatcensis:61236.norm.fasta is empty or misformatted

2025-05-22 13:09:04 [OA INFO ] 428 -- Done.
2025-05-22 13:09:04 [OA INFO ] 7 -- Done.
2025-05-22 13:09:04 [OA INFO ] 7 -- Printing minimal header...
2025-05-22 13:09:04 [OA INFO ] 7 -- Done.
2025-05-22 13:09:04 [OA INFO ] 7 -- Printing annotations header...
2025-05-22 13:09:04 [OA INFO ] 7 -- Done.
2025-05-22 13:09:04 [OA INFO ] 7 -- Printing the source feature
2025-05-22 13:09:04 [OA INFO ] 7 -- Nuclear sequence
2025-05-22 13:09:04 [OA INFO ] 7 -- Done.
2025-05-22 13:09:04 [OA INFO ] 7 -- Ordering annotations...
2025-05-22 13:09:04 [OA INFO ] 7 -- Done.
2025-05-22 13:09:04 [OA INFO ] 7 -- Unifying gene names
2025-05-22 13:09:04 [OA INFO ] 7 -- Done.
2025-05-22 13:09:04 [OA INFO ] 7 -- Clearing locus tags done.
2025-05-22 13:09:04 [OA INFO ] 7 -- Clearing of tags done.
2025-05-22 13:09:04 [OA INFO ] 7 -- Closing annotations table...
2025-05-22 13:09:04 [OA INFO ] 7 -- Done.
2025-05-22 13:09:04 [OA INFO ] 7 -- Computing statistics on nucleotide usage...
2025-05-22 13:09:04 [OA INFO ] 7 -- Done.
2025-05-22 13:09:04 [OA INFO ] 7 -- Reformating sequences...
2025-05-22 13:09:04 [OA INFO ] 7 -- Sequence length 1
2025-05-22 13:09:04 [OA INFO ] 7 -- lines 0
2025-05-22 13:09:04 [OA INFO ] 7 -- Done.
2025-05-22 13:09:04 [OA INFO ] 7 -- Closing sequence part...
2025-05-22 13:09:04 [OA INFO ] 7 -- Done.
2025-05-22 13:09:04 [OA INFO ] 7 -- Annotating a plant rDNA cistron...
2025-05-22 13:09:04 [OA INFO ] 7 -- Normalizing the structure of the cistron sequence...
2025-05-22 13:09:04 [OA INFO ] 648 -- Normalizing nuclear rDNA cistron...
2025-05-22 13:09:04 [OA INFO ] 648 -- Sequence length 328
2025-05-22 13:09:04 [OA ERROR ] 648 -- Cannot determine the Cistron orientation
2025-05-22 13:09:04 [OA INFO ] 7 -- Done.
2025-05-22 13:09:04 [OA INFO ] 7 -- Annotating the rRNA genes...
2025-05-22 13:09:04 [OA INFO ] 724 -- Annotating ITS and TSU...
ITSx -- Identifies ITS sequences and extracts the ITS region
by Johan Bengtsson-Palme et al., University of Gothenburg
Version: 1.0.11
-----------------------------------------------------------------
Thu May 22 13:09:04 2025 : Preparing HMM database (should be quick)...
Thu May 22 13:09:04 2025 : Checking and handling input sequence data (should not take long)...
Thu May 22 13:09:04 2025 : Comparing sequences to HMM database (this may take a long while)...
    Thu May 22 13:09:04 2025 : Alveolates analysis of main strand finished.
    Thu May 22 13:09:04 2025 : Alveolates analysis of complementary strand finished.
    Thu May 22 13:09:04 2025 : Bryophyta analysis of main strand finished.
    Thu May 22 13:09:04 2025 : Bryophyta analysis of complementary strand finished.
    Thu May 22 13:09:04 2025 : Bacillariophyta analysis of main strand finished.
    Thu May 22 13:09:04 2025 : Bacillariophyta analysis of complementary strand finished.
    Thu May 22 13:09:04 2025 : Amoebozoa analysis of main strand finished.
    Thu May 22 13:09:04 2025 : Amoebozoa analysis of complementary strand finished.
    Thu May 22 13:09:04 2025 : Euglenozoa analysis of main strand finished.
    Thu May 22 13:09:04 2025 : Euglenozoa analysis of complementary strand finished.
    Thu May 22 13:09:04 2025 : Fungi analysis of main strand finished.
    Thu May 22 13:09:04 2025 : Fungi analysis of complementary strand finished.
    Thu May 22 13:09:04 2025 : Chlorophyta analysis of main strand finished.
    Thu May 22 13:09:04 2025 : Chlorophyta analysis of complementary strand finished.
    Thu May 22 13:09:04 2025 : Rhodophyta analysis of main strand finished.
    Thu May 22 13:09:04 2025 : Rhodophyta analysis of complementary strand finished.
    Thu May 22 13:09:04 2025 : Phaeophyceae analysis of main strand finished.
    Thu May 22 13:09:04 2025 : Phaeophyceae analysis of complementary strand finished.
    Thu May 22 13:09:04 2025 : Marchantiophyta analysis of main strand finished.
    Thu May 22 13:09:04 2025 : Marchantiophyta analysis of complementary strand finished.
    Thu May 22 13:09:04 2025 : Metazoa analysis of main strand finished.
    Thu May 22 13:09:04 2025 : Metazoa analysis of complementary strand finished.
    Thu May 22 13:09:04 2025 : Oomycota analysis of main strand finished.
    Thu May 22 13:09:04 2025 : Oomycota analysis of complementary strand finished.
    Thu May 22 13:09:04 2025 : Haptophyceae analysis of main strand finished.
    Thu May 22 13:09:04 2025 : Haptophyceae analysis of complementary strand finished.
    Thu May 22 13:09:04 2025 : Raphidophyceae analysis of main strand finished.
    Thu May 22 13:09:04 2025 : Raphidophyceae analysis of complementary strand finished.
    Thu May 22 13:09:04 2025 : Rhizaria analysis of main strand finished.
    Thu May 22 13:09:04 2025 : Rhizaria analysis of complementary strand finished.
    Thu May 22 13:09:04 2025 : Synurophyceae analysis of main strand finished.
    Thu May 22 13:09:04 2025 : Synurophyceae analysis of complementary strand finished.
    Thu May 22 13:09:04 2025 : Tracheophyta analysis of main strand finished.
    Thu May 22 13:09:04 2025 : Tracheophyta analysis of complementary strand finished.
    Thu May 22 13:09:04 2025 : Eustigmatophyceae analysis of main strand finished.
    Thu May 22 13:09:04 2025 : Eustigmatophyceae analysis of complementary strand finished.
Thu May 22 13:09:04 2025 : Analysing results of HMM-scan (this might take quite some time)...
Thu May 22 13:09:04 2025 : Extraction finished!
-----------------------------------------------------------------
Thank you for using ITSx!
Please report bugs or unsupported lineages to itsx@microbiology.se


Error: Sequence file /tmp/ORG.organnot_proc_7_VEuTRE/Fritillaria_camschatcensis:61236.norm.fasta is empty or misformatted

2025-05-22 13:09:04 [OA INFO ] 724 -- Done.
2025-05-22 13:09:04 [OA INFO ] 7 -- Done.
2025-05-22 13:09:04 [OA INFO ] 7 -- Printing minimal header...
2025-05-22 13:09:04 [OA INFO ] 7 -- Done.
2025-05-22 13:09:04 [OA INFO ] 7 -- Printing annotations header...
2025-05-22 13:09:04 [OA INFO ] 7 -- Done.
2025-05-22 13:09:04 [OA INFO ] 7 -- Printing the source feature
2025-05-22 13:09:04 [OA INFO ] 7 -- Nuclear sequence
2025-05-22 13:09:04 [OA INFO ] 7 -- Done.
2025-05-22 13:09:04 [OA INFO ] 7 -- Ordering annotations...
2025-05-22 13:09:04 [OA INFO ] 7 -- Done.
2025-05-22 13:09:04 [OA INFO ] 7 -- Unifying gene names
2025-05-22 13:09:04 [OA INFO ] 7 -- Done.
2025-05-22 13:09:04 [OA INFO ] 7 -- Clearing locus tags done.
2025-05-22 13:09:04 [OA INFO ] 7 -- Clearing of tags done.
2025-05-22 13:09:04 [OA INFO ] 7 -- Closing annotations table...
2025-05-22 13:09:04 [OA INFO ] 7 -- Done.
2025-05-22 13:09:04 [OA INFO ] 7 -- Computing statistics on nucleotide usage...
2025-05-22 13:09:04 [OA INFO ] 7 -- Done.
2025-05-22 13:09:04 [OA INFO ] 7 -- Reformating sequences...
2025-05-22 13:09:04 [OA INFO ] 7 -- Sequence length 1
2025-05-22 13:09:04 [OA INFO ] 7 -- lines 0
2025-05-22 13:09:04 [OA INFO ] 7 -- Done.
2025-05-22 13:09:04 [OA INFO ] 7 -- Closing sequence part...
2025-05-22 13:09:04 [OA INFO ] 7 -- Done.
2025-05-22 13:09:04 [OA INFO ] 7 -- Annotating a plant rDNA cistron...
2025-05-22 13:09:04 [OA INFO ] 7 -- Normalizing the structure of the cistron sequence...
2025-05-22 13:09:04 [OA INFO ] 944 -- Normalizing nuclear rDNA cistron...
2025-05-22 13:09:04 [OA INFO ] 944 -- Sequence length 1438
2025-05-22 13:09:05 [OA ERROR ] 944 -- Cannot determine the Cistron orientation
2025-05-22 13:09:05 [OA INFO ] 7 -- Done.
2025-05-22 13:09:05 [OA INFO ] 7 -- Annotating the rRNA genes...
2025-05-22 13:09:05 [OA INFO ] 1020 -- Annotating ITS and TSU...
ITSx -- Identifies ITS sequences and extracts the ITS region
by Johan Bengtsson-Palme et al., University of Gothenburg
Version: 1.0.11
-----------------------------------------------------------------
Thu May 22 13:09:05 2025 : Preparing HMM database (should be quick)...
Thu May 22 13:09:05 2025 : Checking and handling input sequence data (should not take long)...
Thu May 22 13:09:05 2025 : Comparing sequences to HMM database (this may take a long while)...
    Thu May 22 13:09:05 2025 : Alveolates analysis of main strand finished.
    Thu May 22 13:09:05 2025 : Alveolates analysis of complementary strand finished.
    Thu May 22 13:09:05 2025 : Bryophyta analysis of main strand finished.
    Thu May 22 13:09:05 2025 : Bryophyta analysis of complementary strand finished.
    Thu May 22 13:09:05 2025 : Bacillariophyta analysis of main strand finished.
    Thu May 22 13:09:05 2025 : Bacillariophyta analysis of complementary strand finished.
    Thu May 22 13:09:05 2025 : Amoebozoa analysis of main strand finished.
    Thu May 22 13:09:05 2025 : Amoebozoa analysis of complementary strand finished.
    Thu May 22 13:09:05 2025 : Euglenozoa analysis of main strand finished.
    Thu May 22 13:09:05 2025 : Euglenozoa analysis of complementary strand finished.
    Thu May 22 13:09:05 2025 : Fungi analysis of main strand finished.
    Thu May 22 13:09:05 2025 : Fungi analysis of complementary strand finished.
    Thu May 22 13:09:05 2025 : Chlorophyta analysis of main strand finished.
    Thu May 22 13:09:05 2025 : Chlorophyta analysis of complementary strand finished.
    Thu May 22 13:09:05 2025 : Rhodophyta analysis of main strand finished.
    Thu May 22 13:09:05 2025 : Rhodophyta analysis of complementary strand finished.
    Thu May 22 13:09:05 2025 : Phaeophyceae analysis of main strand finished.
    Thu May 22 13:09:05 2025 : Phaeophyceae analysis of complementary strand finished.
    Thu May 22 13:09:05 2025 : Marchantiophyta analysis of main strand finished.
    Thu May 22 13:09:05 2025 : Marchantiophyta analysis of complementary strand finished.
    Thu May 22 13:09:05 2025 : Metazoa analysis of main strand finished.
    Thu May 22 13:09:05 2025 : Metazoa analysis of complementary strand finished.
    Thu May 22 13:09:05 2025 : Oomycota analysis of main strand finished.
    Thu May 22 13:09:05 2025 : Oomycota analysis of complementary strand finished.
    Thu May 22 13:09:05 2025 : Haptophyceae analysis of main strand finished.
    Thu May 22 13:09:05 2025 : Haptophyceae analysis of complementary strand finished.
    Thu May 22 13:09:05 2025 : Raphidophyceae analysis of main strand finished.
    Thu May 22 13:09:05 2025 : Raphidophyceae analysis of complementary strand finished.
    Thu May 22 13:09:05 2025 : Rhizaria analysis of main strand finished.
    Thu May 22 13:09:05 2025 : Rhizaria analysis of complementary strand finished.
    Thu May 22 13:09:05 2025 : Synurophyceae analysis of main strand finished.
    Thu May 22 13:09:05 2025 : Synurophyceae analysis of complementary strand finished.
    Thu May 22 13:09:05 2025 : Tracheophyta analysis of main strand finished.
    Thu May 22 13:09:05 2025 : Tracheophyta analysis of complementary strand finished.
    Thu May 22 13:09:05 2025 : Eustigmatophyceae analysis of main strand finished.
    Thu May 22 13:09:05 2025 : Eustigmatophyceae analysis of complementary strand finished.
Thu May 22 13:09:05 2025 : Analysing results of HMM-scan (this might take quite some time)...
Thu May 22 13:09:05 2025 : Extraction finished!
-----------------------------------------------------------------
Thank you for using ITSx!
Please report bugs or unsupported lineages to itsx@microbiology.se


Error: Sequence file /tmp/ORG.organnot_proc_7_VEuTRE/Fritillaria_camschatcensis:61236.norm.fasta is empty or misformatted

2025-05-22 13:09:05 [OA INFO ] 1020 -- Done.
2025-05-22 13:09:05 [OA INFO ] 7 -- Done.
2025-05-22 13:09:05 [OA INFO ] 7 -- Printing minimal header...
2025-05-22 13:09:05 [OA INFO ] 7 -- Done.
2025-05-22 13:09:05 [OA INFO ] 7 -- Printing annotations header...
2025-05-22 13:09:05 [OA INFO ] 7 -- Done.
2025-05-22 13:09:05 [OA INFO ] 7 -- Printing the source feature
2025-05-22 13:09:05 [OA INFO ] 7 -- Nuclear sequence
2025-05-22 13:09:05 [OA INFO ] 7 -- Done.
2025-05-22 13:09:05 [OA INFO ] 7 -- Ordering annotations...
2025-05-22 13:09:05 [OA INFO ] 7 -- Done.
2025-05-22 13:09:05 [OA INFO ] 7 -- Unifying gene names
2025-05-22 13:09:05 [OA INFO ] 7 -- Done.
2025-05-22 13:09:05 [OA INFO ] 7 -- Clearing locus tags done.
2025-05-22 13:09:05 [OA INFO ] 7 -- Clearing of tags done.
2025-05-22 13:09:05 [OA INFO ] 7 -- Closing annotations table...
2025-05-22 13:09:05 [OA INFO ] 7 -- Done.
2025-05-22 13:09:05 [OA INFO ] 7 -- Computing statistics on nucleotide usage...
2025-05-22 13:09:05 [OA INFO ] 7 -- Done.
2025-05-22 13:09:05 [OA INFO ] 7 -- Reformating sequences...
2025-05-22 13:09:05 [OA INFO ] 7 -- Sequence length 1
2025-05-22 13:09:05 [OA INFO ] 7 -- lines 0
2025-05-22 13:09:05 [OA INFO ] 7 -- Done.
2025-05-22 13:09:05 [OA INFO ] 7 -- Closing sequence part...
2025-05-22 13:09:05 [OA INFO ] 7 -- Done.
2025-05-22 13:09:05 [OA INFO ] 7 -- Annotating a plant rDNA cistron...
2025-05-22 13:09:05 [OA INFO ] 7 -- Normalizing the structure of the cistron sequence...
2025-05-22 13:09:05 [OA INFO ] 1240 -- Normalizing nuclear rDNA cistron...
2025-05-22 13:09:05 [OA INFO ] 1240 -- Sequence length 382
2025-05-22 13:09:05 [OA ERROR ] 1240 -- Cannot determine the Cistron orientation
2025-05-22 13:09:05 [OA INFO ] 7 -- Done.
2025-05-22 13:09:05 [OA INFO ] 7 -- Annotating the rRNA genes...
2025-05-22 13:09:05 [OA INFO ] 1316 -- Annotating ITS and TSU...
ITSx -- Identifies ITS sequences and extracts the ITS region
by Johan Bengtsson-Palme et al., University of Gothenburg
Version: 1.0.11
-----------------------------------------------------------------
Thu May 22 13:09:05 2025 : Preparing HMM database (should be quick)...
Thu May 22 13:09:05 2025 : Checking and handling input sequence data (should not take long)...
Thu May 22 13:09:05 2025 : Comparing sequences to HMM database (this may take a long while)...
    Thu May 22 13:09:05 2025 : Alveolates analysis of main strand finished.
    Thu May 22 13:09:05 2025 : Alveolates analysis of complementary strand finished.
    Thu May 22 13:09:05 2025 : Bryophyta analysis of main strand finished.
    Thu May 22 13:09:05 2025 : Bryophyta analysis of complementary strand finished.
    Thu May 22 13:09:05 2025 : Bacillariophyta analysis of main strand finished.
    Thu May 22 13:09:05 2025 : Bacillariophyta analysis of complementary strand finished.
    Thu May 22 13:09:05 2025 : Amoebozoa analysis of main strand finished.
    Thu May 22 13:09:05 2025 : Amoebozoa analysis of complementary strand finished.
    Thu May 22 13:09:05 2025 : Euglenozoa analysis of main strand finished.
    Thu May 22 13:09:05 2025 : Euglenozoa analysis of complementary strand finished.
    Thu May 22 13:09:05 2025 : Fungi analysis of main strand finished.
    Thu May 22 13:09:05 2025 : Fungi analysis of complementary strand finished.
    Thu May 22 13:09:05 2025 : Chlorophyta analysis of main strand finished.
    Thu May 22 13:09:05 2025 : Chlorophyta analysis of complementary strand finished.
    Thu May 22 13:09:05 2025 : Rhodophyta analysis of main strand finished.
    Thu May 22 13:09:05 2025 : Rhodophyta analysis of complementary strand finished.
    Thu May 22 13:09:05 2025 : Phaeophyceae analysis of main strand finished.
    Thu May 22 13:09:05 2025 : Phaeophyceae analysis of complementary strand finished.
    Thu May 22 13:09:05 2025 : Marchantiophyta analysis of main strand finished.
    Thu May 22 13:09:05 2025 : Marchantiophyta analysis of complementary strand finished.
    Thu May 22 13:09:05 2025 : Metazoa analysis of main strand finished.
    Thu May 22 13:09:05 2025 : Metazoa analysis of complementary strand finished.
    Thu May 22 13:09:05 2025 : Oomycota analysis of main strand finished.
    Thu May 22 13:09:05 2025 : Oomycota analysis of complementary strand finished.
    Thu May 22 13:09:05 2025 : Haptophyceae analysis of main strand finished.
    Thu May 22 13:09:05 2025 : Haptophyceae analysis of complementary strand finished.
    Thu May 22 13:09:05 2025 : Raphidophyceae analysis of main strand finished.
    Thu May 22 13:09:05 2025 : Raphidophyceae analysis of complementary strand finished.
    Thu May 22 13:09:05 2025 : Rhizaria analysis of main strand finished.
    Thu May 22 13:09:05 2025 : Rhizaria analysis of complementary strand finished.
    Thu May 22 13:09:05 2025 : Synurophyceae analysis of main strand finished.
    Thu May 22 13:09:05 2025 : Synurophyceae analysis of complementary strand finished.
    Thu May 22 13:09:05 2025 : Tracheophyta analysis of main strand finished.
    Thu May 22 13:09:05 2025 : Tracheophyta analysis of complementary strand finished.
    Thu May 22 13:09:05 2025 : Eustigmatophyceae analysis of main strand finished.
    Thu May 22 13:09:05 2025 : Eustigmatophyceae analysis of complementary strand finished.
Thu May 22 13:09:05 2025 : Analysing results of HMM-scan (this might take quite some time)...
Thu May 22 13:09:05 2025 : Extraction finished!
-----------------------------------------------------------------
Thank you for using ITSx!
Please report bugs or unsupported lineages to itsx@microbiology.se


Error: Sequence file /tmp/ORG.organnot_proc_7_VEuTRE/Fritillaria_camschatcensis:61236.norm.fasta is empty or misformatted

2025-05-22 13:09:05 [OA INFO ] 1316 -- Done.
2025-05-22 13:09:05 [OA INFO ] 7 -- Done.
2025-05-22 13:09:05 [OA INFO ] 7 -- Printing minimal header...
2025-05-22 13:09:05 [OA INFO ] 7 -- Done.
2025-05-22 13:09:05 [OA INFO ] 7 -- Printing annotations header...
2025-05-22 13:09:05 [OA INFO ] 7 -- Done.
2025-05-22 13:09:05 [OA INFO ] 7 -- Printing the source feature
2025-05-22 13:09:05 [OA INFO ] 7 -- Nuclear sequence
2025-05-22 13:09:05 [OA INFO ] 7 -- Done.
2025-05-22 13:09:05 [OA INFO ] 7 -- Ordering annotations...
2025-05-22 13:09:05 [OA INFO ] 7 -- Done.
2025-05-22 13:09:05 [OA INFO ] 7 -- Unifying gene names
2025-05-22 13:09:05 [OA INFO ] 7 -- Done.
2025-05-22 13:09:05 [OA INFO ] 7 -- Clearing locus tags done.
2025-05-22 13:09:05 [OA INFO ] 7 -- Clearing of tags done.
2025-05-22 13:09:05 [OA INFO ] 7 -- Closing annotations table...
2025-05-22 13:09:05 [OA INFO ] 7 -- Done.
2025-05-22 13:09:05 [OA INFO ] 7 -- Computing statistics on nucleotide usage...
2025-05-22 13:09:05 [OA INFO ] 7 -- Done.
2025-05-22 13:09:05 [OA INFO ] 7 -- Reformating sequences...
2025-05-22 13:09:05 [OA INFO ] 7 -- Sequence length 1
2025-05-22 13:09:05 [OA INFO ] 7 -- lines 0
2025-05-22 13:09:05 [OA INFO ] 7 -- Done.
2025-05-22 13:09:05 [OA INFO ] 7 -- Closing sequence part...
2025-05-22 13:09:05 [OA INFO ] 7 -- Done.
2025-05-22 13:09:05 [OA INFO ] 7 -- Annotating a plant rDNA cistron...
2025-05-22 13:09:05 [OA INFO ] 7 -- Normalizing the structure of the cistron sequence...
2025-05-22 13:09:05 [OA INFO ] 1536 -- Normalizing nuclear rDNA cistron...
2025-05-22 13:09:05 [OA INFO ] 1536 -- Sequence length 3429
2025-05-22 13:09:06 [OA INFO ] 1536 -- Revert complement rDNA cluster cistron
2025-05-22 13:09:06 [OA INFO ] 1536 -- Done.
2025-05-22 13:09:06 [OA INFO ] 7 -- Done.
2025-05-22 13:09:06 [OA INFO ] 7 -- Annotating the rRNA genes...
2025-05-22 13:09:06 [OA INFO ] 1620 -- Annotating ITS and TSU...
ITSx -- Identifies ITS sequences and extracts the ITS region
by Johan Bengtsson-Palme et al., University of Gothenburg
Version: 1.0.11
-----------------------------------------------------------------
Thu May 22 13:09:06 2025 : Preparing HMM database (should be quick)...
Thu May 22 13:09:06 2025 : Checking and handling input sequence data (should not take long)...
Thu May 22 13:09:06 2025 : Comparing sequences to HMM database (this may take a long while)...
    Thu May 22 13:09:06 2025 : Alveolates analysis of main strand finished.
    Thu May 22 13:09:06 2025 : Alveolates analysis of complementary strand finished.
    Thu May 22 13:09:06 2025 : Bryophyta analysis of main strand finished.
    Thu May 22 13:09:06 2025 : Bryophyta analysis of complementary strand finished.
    Thu May 22 13:09:06 2025 : Bacillariophyta analysis of main strand finished.
    Thu May 22 13:09:06 2025 : Bacillariophyta analysis of complementary strand finished.
    Thu May 22 13:09:06 2025 : Amoebozoa analysis of main strand finished.
    Thu May 22 13:09:06 2025 : Amoebozoa analysis of complementary strand finished.
    Thu May 22 13:09:06 2025 : Euglenozoa analysis of main strand finished.
    Thu May 22 13:09:06 2025 : Euglenozoa analysis of complementary strand finished.
    Thu May 22 13:09:06 2025 : Fungi analysis of main strand finished.
    Thu May 22 13:09:07 2025 : Fungi analysis of complementary strand finished.
    Thu May 22 13:09:07 2025 : Chlorophyta analysis of main strand finished.
    Thu May 22 13:09:07 2025 : Chlorophyta analysis of complementary strand finished.
    Thu May 22 13:09:07 2025 : Rhodophyta analysis of main strand finished.
    Thu May 22 13:09:07 2025 : Rhodophyta analysis of complementary strand finished.
    Thu May 22 13:09:07 2025 : Phaeophyceae analysis of main strand finished.
    Thu May 22 13:09:07 2025 : Phaeophyceae analysis of complementary strand finished.
    Thu May 22 13:09:07 2025 : Marchantiophyta analysis of main strand finished.
    Thu May 22 13:09:07 2025 : Marchantiophyta analysis of complementary strand finished.
    Thu May 22 13:09:07 2025 : Metazoa analysis of main strand finished.
    Thu May 22 13:09:08 2025 : Metazoa analysis of complementary strand finished.
    Thu May 22 13:09:08 2025 : Oomycota analysis of main strand finished.
    Thu May 22 13:09:08 2025 : Oomycota analysis of complementary strand finished.
    Thu May 22 13:09:08 2025 : Haptophyceae analysis of main strand finished.
    Thu May 22 13:09:08 2025 : Haptophyceae analysis of complementary strand finished.
    Thu May 22 13:09:08 2025 : Raphidophyceae analysis of main strand finished.
    Thu May 22 13:09:08 2025 : Raphidophyceae analysis of complementary strand finished.
    Thu May 22 13:09:08 2025 : Rhizaria analysis of main strand finished.
    Thu May 22 13:09:08 2025 : Rhizaria analysis of complementary strand finished.
    Thu May 22 13:09:08 2025 : Synurophyceae analysis of main strand finished.
    Thu May 22 13:09:08 2025 : Synurophyceae analysis of complementary strand finished.
    Thu May 22 13:09:08 2025 : Tracheophyta analysis of main strand finished.
    Thu May 22 13:09:08 2025 : Tracheophyta analysis of complementary strand finished.
    Thu May 22 13:09:08 2025 : Eustigmatophyceae analysis of main strand finished.
    Thu May 22 13:09:08 2025 : Eustigmatophyceae analysis of complementary strand finished.
Thu May 22 13:09:08 2025 : Analysing results of HMM-scan (this might take quite some time)...
Thu May 22 13:09:08 2025 : Extraction finished!
-----------------------------------------------------------------
Thank you for using ITSx!
Please report bugs or unsupported lineages to itsx@microbiology.se

2025-05-22 13:09:09 [OA INFO ] 1620 -- Done.
2025-05-22 13:09:09 [OA INFO ] 7 -- Done.
2025-05-22 13:09:09 [OA INFO ] 7 -- Printing minimal header...
2025-05-22 13:09:09 [OA INFO ] 7 -- Done.
2025-05-22 13:09:09 [OA INFO ] 7 -- Printing annotations header...
2025-05-22 13:09:09 [OA INFO ] 7 -- Done.
2025-05-22 13:09:09 [OA INFO ] 7 -- Printing the source feature
2025-05-22 13:09:09 [OA INFO ] 7 -- Nuclear sequence
2025-05-22 13:09:09 [OA INFO ] 7 -- Done.
2025-05-22 13:09:09 [OA INFO ] 7 -- Ordering annotations...
2025-05-22 13:09:09 [OA INFO ] 7 -- Done.
2025-05-22 13:09:09 [OA INFO ] 7 -- Unifying gene names
2025-05-22 13:09:09 [OA INFO ] 7 -- Done.
2025-05-22 13:09:09 [OA INFO ] 7 -- Clearing locus tags done.
2025-05-22 13:09:09 [OA INFO ] 7 -- Clearing of tags done.
2025-05-22 13:09:09 [OA INFO ] 7 -- Closing annotations table...
2025-05-22 13:09:09 [OA INFO ] 7 -- Done.
2025-05-22 13:09:09 [OA INFO ] 7 -- Computing statistics on nucleotide usage...
2025-05-22 13:09:09 [OA INFO ] 7 -- Done.
2025-05-22 13:09:09 [OA INFO ] 7 -- Reformating sequences...
2025-05-22 13:09:09 [OA INFO ] 7 -- Sequence length 3429
2025-05-22 13:09:09 [OA INFO ] 7 -- lines 50
2025-05-22 13:09:09 [OA INFO ] 7 -- Done.
2025-05-22 13:09:09 [OA INFO ] 7 -- Closing sequence part...
2025-05-22 13:09:09 [OA INFO ] 7 -- Done.
2025-05-22 13:09:09 [OA INFO ] 7 -- Annotating a plant rDNA cistron...
2025-05-22 13:09:09 [OA INFO ] 7 -- Normalizing the structure of the cistron sequence...
2025-05-22 13:09:09 [OA INFO ] 1906 -- Normalizing nuclear rDNA cistron...
2025-05-22 13:09:09 [OA INFO ] 1906 -- Sequence length 2027
2025-05-22 13:09:09 [OA INFO ] 1906 -- Revert complement rDNA cluster cistron
2025-05-22 13:09:09 [OA INFO ] 1906 -- Done.
2025-05-22 13:09:09 [OA INFO ] 7 -- Done.
2025-05-22 13:09:09 [OA INFO ] 7 -- Annotating the rRNA genes...
2025-05-22 13:09:09 [OA INFO ] 1990 -- Annotating ITS and TSU...
ITSx -- Identifies ITS sequences and extracts the ITS region
by Johan Bengtsson-Palme et al., University of Gothenburg
Version: 1.0.11
-----------------------------------------------------------------
Thu May 22 13:09:09 2025 : Preparing HMM database (should be quick)...
Thu May 22 13:09:09 2025 : Checking and handling input sequence data (should not take long)...
Thu May 22 13:09:09 2025 : Comparing sequences to HMM database (this may take a long while)...
    Thu May 22 13:09:09 2025 : Alveolates analysis of main strand finished.
    Thu May 22 13:09:09 2025 : Alveolates analysis of complementary strand finished.
    Thu May 22 13:09:09 2025 : Bryophyta analysis of main strand finished.
    Thu May 22 13:09:09 2025 : Bryophyta analysis of complementary strand finished.
    Thu May 22 13:09:09 2025 : Bacillariophyta analysis of main strand finished.
    Thu May 22 13:09:09 2025 : Bacillariophyta analysis of complementary strand finished.
    Thu May 22 13:09:09 2025 : Amoebozoa analysis of main strand finished.
    Thu May 22 13:09:09 2025 : Amoebozoa analysis of complementary strand finished.
    Thu May 22 13:09:09 2025 : Euglenozoa analysis of main strand finished.
    Thu May 22 13:09:09 2025 : Euglenozoa analysis of complementary strand finished.
    Thu May 22 13:09:10 2025 : Fungi analysis of main strand finished.
    Thu May 22 13:09:10 2025 : Fungi analysis of complementary strand finished.
    Thu May 22 13:09:10 2025 : Chlorophyta analysis of main strand finished.
    Thu May 22 13:09:10 2025 : Chlorophyta analysis of complementary strand finished.
    Thu May 22 13:09:10 2025 : Rhodophyta analysis of main strand finished.
    Thu May 22 13:09:10 2025 : Rhodophyta analysis of complementary strand finished.
    Thu May 22 13:09:10 2025 : Phaeophyceae analysis of main strand finished.
    Thu May 22 13:09:10 2025 : Phaeophyceae analysis of complementary strand finished.
    Thu May 22 13:09:10 2025 : Marchantiophyta analysis of main strand finished.
    Thu May 22 13:09:10 2025 : Marchantiophyta analysis of complementary strand finished.
    Thu May 22 13:09:10 2025 : Metazoa analysis of main strand finished.
    Thu May 22 13:09:10 2025 : Metazoa analysis of complementary strand finished.
    Thu May 22 13:09:10 2025 : Oomycota analysis of main strand finished.
    Thu May 22 13:09:10 2025 : Oomycota analysis of complementary strand finished.
    Thu May 22 13:09:10 2025 : Haptophyceae analysis of main strand finished.
    Thu May 22 13:09:10 2025 : Haptophyceae analysis of complementary strand finished.
    Thu May 22 13:09:10 2025 : Raphidophyceae analysis of main strand finished.
    Thu May 22 13:09:11 2025 : Raphidophyceae analysis of complementary strand finished.
    Thu May 22 13:09:11 2025 : Rhizaria analysis of main strand finished.
    Thu May 22 13:09:11 2025 : Rhizaria analysis of complementary strand finished.
    Thu May 22 13:09:11 2025 : Synurophyceae analysis of main strand finished.
    Thu May 22 13:09:11 2025 : Synurophyceae analysis of complementary strand finished.
    Thu May 22 13:09:11 2025 : Tracheophyta analysis of main strand finished.
    Thu May 22 13:09:11 2025 : Tracheophyta analysis of complementary strand finished.
    Thu May 22 13:09:11 2025 : Eustigmatophyceae analysis of main strand finished.
    Thu May 22 13:09:11 2025 : Eustigmatophyceae analysis of complementary strand finished.
Thu May 22 13:09:11 2025 : Analysing results of HMM-scan (this might take quite some time)...
Thu May 22 13:09:11 2025 : Extraction finished!
-----------------------------------------------------------------
Thank you for using ITSx!
Please report bugs or unsupported lineages to itsx@microbiology.se

2025-05-22 13:09:11 [OA INFO ] 1990 -- Done.
2025-05-22 13:09:11 [OA INFO ] 7 -- Done.
2025-05-22 13:09:11 [OA INFO ] 7 -- Printing minimal header...
2025-05-22 13:09:11 [OA INFO ] 7 -- Done.
2025-05-22 13:09:11 [OA INFO ] 7 -- Printing annotations header...
2025-05-22 13:09:11 [OA INFO ] 7 -- Done.
2025-05-22 13:09:11 [OA INFO ] 7 -- Printing the source feature
2025-05-22 13:09:11 [OA INFO ] 7 -- Nuclear sequence
2025-05-22 13:09:11 [OA INFO ] 7 -- Done.
2025-05-22 13:09:11 [OA INFO ] 7 -- Ordering annotations...
2025-05-22 13:09:11 [OA INFO ] 7 -- Done.
2025-05-22 13:09:11 [OA INFO ] 7 -- Unifying gene names
2025-05-22 13:09:11 [OA INFO ] 7 -- Done.
2025-05-22 13:09:11 [OA INFO ] 7 -- Clearing locus tags done.
2025-05-22 13:09:11 [OA INFO ] 7 -- Clearing of tags done.
2025-05-22 13:09:11 [OA INFO ] 7 -- Closing annotations table...
2025-05-22 13:09:11 [OA INFO ] 7 -- Done.
2025-05-22 13:09:11 [OA INFO ] 7 -- Computing statistics on nucleotide usage...
2025-05-22 13:09:11 [OA INFO ] 7 -- Done.
2025-05-22 13:09:11 [OA INFO ] 7 -- Reformating sequences...
2025-05-22 13:09:11 [OA INFO ] 7 -- Sequence length 2027
2025-05-22 13:09:11 [OA INFO ] 7 -- lines 30
2025-05-22 13:09:11 [OA INFO ] 7 -- Done.
2025-05-22 13:09:11 [OA INFO ] 7 -- Closing sequence part...
2025-05-22 13:09:11 [OA INFO ] 7 -- Done.
2025-05-22 13:09:11 [OA INFO ] 7 -- Annotating a plant rDNA cistron...
2025-05-22 13:09:11 [OA INFO ] 7 -- Normalizing the structure of the cistron sequence...
2025-05-22 13:09:11 [OA INFO ] 2276 -- Normalizing nuclear rDNA cistron...
2025-05-22 13:09:11 [OA INFO ] 2276 -- Sequence length 1478
2025-05-22 13:09:11 [OA ERROR ] 2276 -- Cannot determine the Cistron orientation
2025-05-22 13:09:11 [OA INFO ] 7 -- Done.
2025-05-22 13:09:11 [OA INFO ] 7 -- Annotating the rRNA genes...
2025-05-22 13:09:11 [OA INFO ] 2352 -- Annotating ITS and TSU...
ITSx -- Identifies ITS sequences and extracts the ITS region
by Johan Bengtsson-Palme et al., University of Gothenburg
Version: 1.0.11
-----------------------------------------------------------------
Thu May 22 13:09:11 2025 : Preparing HMM database (should be quick)...
Thu May 22 13:09:11 2025 : Checking and handling input sequence data (should not take long)...
Thu May 22 13:09:11 2025 : Comparing sequences to HMM database (this may take a long while)...
    Thu May 22 13:09:11 2025 : Alveolates analysis of main strand finished.
    Thu May 22 13:09:11 2025 : Alveolates analysis of complementary strand finished.
    Thu May 22 13:09:11 2025 : Bryophyta analysis of main strand finished.
    Thu May 22 13:09:11 2025 : Bryophyta analysis of complementary strand finished.
    Thu May 22 13:09:11 2025 : Bacillariophyta analysis of main strand finished.
    Thu May 22 13:09:11 2025 : Bacillariophyta analysis of complementary strand finished.
    Thu May 22 13:09:11 2025 : Amoebozoa analysis of main strand finished.
    Thu May 22 13:09:11 2025 : Amoebozoa analysis of complementary strand finished.
    Thu May 22 13:09:11 2025 : Euglenozoa analysis of main strand finished.
    Thu May 22 13:09:11 2025 : Euglenozoa analysis of complementary strand finished.
    Thu May 22 13:09:11 2025 : Fungi analysis of main strand finished.
    Thu May 22 13:09:11 2025 : Fungi analysis of complementary strand finished.
    Thu May 22 13:09:11 2025 : Chlorophyta analysis of main strand finished.
    Thu May 22 13:09:11 2025 : Chlorophyta analysis of complementary strand finished.
    Thu May 22 13:09:11 2025 : Rhodophyta analysis of main strand finished.
    Thu May 22 13:09:11 2025 : Rhodophyta analysis of complementary strand finished.
    Thu May 22 13:09:11 2025 : Phaeophyceae analysis of main strand finished.
    Thu May 22 13:09:11 2025 : Phaeophyceae analysis of complementary strand finished.
    Thu May 22 13:09:11 2025 : Marchantiophyta analysis of main strand finished.
    Thu May 22 13:09:11 2025 : Marchantiophyta analysis of complementary strand finished.
    Thu May 22 13:09:11 2025 : Metazoa analysis of main strand finished.
    Thu May 22 13:09:11 2025 : Metazoa analysis of complementary strand finished.
    Thu May 22 13:09:11 2025 : Oomycota analysis of main strand finished.
    Thu May 22 13:09:11 2025 : Oomycota analysis of complementary strand finished.
    Thu May 22 13:09:11 2025 : Haptophyceae analysis of main strand finished.
    Thu May 22 13:09:11 2025 : Haptophyceae analysis of complementary strand finished.
    Thu May 22 13:09:11 2025 : Raphidophyceae analysis of main strand finished.
    Thu May 22 13:09:11 2025 : Raphidophyceae analysis of complementary strand finished.
    Thu May 22 13:09:11 2025 : Rhizaria analysis of main strand finished.
    Thu May 22 13:09:11 2025 : Rhizaria analysis of complementary strand finished.
    Thu May 22 13:09:11 2025 : Synurophyceae analysis of main strand finished.
    Thu May 22 13:09:11 2025 : Synurophyceae analysis of complementary strand finished.
    Thu May 22 13:09:11 2025 : Tracheophyta analysis of main strand finished.
    Thu May 22 13:09:11 2025 : Tracheophyta analysis of complementary strand finished.
    Thu May 22 13:09:11 2025 : Eustigmatophyceae analysis of main strand finished.
    Thu May 22 13:09:11 2025 : Eustigmatophyceae analysis of complementary strand finished.
Thu May 22 13:09:11 2025 : Analysing results of HMM-scan (this might take quite some time)...
Thu May 22 13:09:11 2025 : Extraction finished!
-----------------------------------------------------------------
Thank you for using ITSx!
Please report bugs or unsupported lineages to itsx@microbiology.se


Error: Sequence file /tmp/ORG.organnot_proc_7_VEuTRE/Fritillaria_camschatcensis:61236.norm.fasta is empty or misformatted

2025-05-22 13:09:11 [OA INFO ] 2352 -- Done.
2025-05-22 13:09:11 [OA INFO ] 7 -- Done.
2025-05-22 13:09:11 [OA INFO ] 7 -- Printing minimal header...
2025-05-22 13:09:11 [OA INFO ] 7 -- Done.
2025-05-22 13:09:11 [OA INFO ] 7 -- Printing annotations header...
2025-05-22 13:09:11 [OA INFO ] 7 -- Done.
2025-05-22 13:09:11 [OA INFO ] 7 -- Printing the source feature
2025-05-22 13:09:11 [OA INFO ] 7 -- Nuclear sequence
2025-05-22 13:09:11 [OA INFO ] 7 -- Done.
2025-05-22 13:09:11 [OA INFO ] 7 -- Ordering annotations...
2025-05-22 13:09:11 [OA INFO ] 7 -- Done.
2025-05-22 13:09:11 [OA INFO ] 7 -- Unifying gene names
2025-05-22 13:09:11 [OA INFO ] 7 -- Done.
2025-05-22 13:09:11 [OA INFO ] 7 -- Clearing locus tags done.
2025-05-22 13:09:12 [OA INFO ] 7 -- Clearing of tags done.
2025-05-22 13:09:12 [OA INFO ] 7 -- Closing annotations table...
2025-05-22 13:09:12 [OA INFO ] 7 -- Done.
2025-05-22 13:09:12 [OA INFO ] 7 -- Computing statistics on nucleotide usage...
2025-05-22 13:09:12 [OA INFO ] 7 -- Done.
2025-05-22 13:09:12 [OA INFO ] 7 -- Reformating sequences...
2025-05-22 13:09:12 [OA INFO ] 7 -- Sequence length 1
2025-05-22 13:09:12 [OA INFO ] 7 -- lines 0
2025-05-22 13:09:12 [OA INFO ] 7 -- Done.
2025-05-22 13:09:12 [OA INFO ] 7 -- Closing sequence part...
2025-05-22 13:09:12 [OA INFO ] 7 -- Done.
2025-05-22 13:09:12 [OA INFO ] 7 -- Annotating a plant rDNA cistron...
2025-05-22 13:09:12 [OA INFO ] 7 -- Normalizing the structure of the cistron sequence...
2025-05-22 13:09:12 [OA INFO ] 2572 -- Normalizing nuclear rDNA cistron...
2025-05-22 13:09:12 [OA INFO ] 2572 -- Sequence length 373
2025-05-22 13:09:12 [OA ERROR ] 2572 -- Cannot determine the Cistron orientation
2025-05-22 13:09:12 [OA INFO ] 7 -- Done.
2025-05-22 13:09:12 [OA INFO ] 7 -- Annotating the rRNA genes...
2025-05-22 13:09:12 [OA INFO ] 2648 -- Annotating ITS and TSU...
ITSx -- Identifies ITS sequences and extracts the ITS region
by Johan Bengtsson-Palme et al., University of Gothenburg
Version: 1.0.11
-----------------------------------------------------------------
Thu May 22 13:09:12 2025 : Preparing HMM database (should be quick)...
Thu May 22 13:09:12 2025 : Checking and handling input sequence data (should not take long)...
Thu May 22 13:09:12 2025 : Comparing sequences to HMM database (this may take a long while)...
    Thu May 22 13:09:12 2025 : Alveolates analysis of main strand finished.
    Thu May 22 13:09:12 2025 : Alveolates analysis of complementary strand finished.
    Thu May 22 13:09:12 2025 : Bryophyta analysis of main strand finished.
    Thu May 22 13:09:12 2025 : Bryophyta analysis of complementary strand finished.
    Thu May 22 13:09:12 2025 : Bacillariophyta analysis of main strand finished.
    Thu May 22 13:09:12 2025 : Bacillariophyta analysis of complementary strand finished.
    Thu May 22 13:09:12 2025 : Amoebozoa analysis of main strand finished.
    Thu May 22 13:09:12 2025 : Amoebozoa analysis of complementary strand finished.
    Thu May 22 13:09:12 2025 : Euglenozoa analysis of main strand finished.
    Thu May 22 13:09:12 2025 : Euglenozoa analysis of complementary strand finished.
    Thu May 22 13:09:12 2025 : Fungi analysis of main strand finished.
    Thu May 22 13:09:12 2025 : Fungi analysis of complementary strand finished.
    Thu May 22 13:09:12 2025 : Chlorophyta analysis of main strand finished.
    Thu May 22 13:09:12 2025 : Chlorophyta analysis of complementary strand finished.
    Thu May 22 13:09:12 2025 : Rhodophyta analysis of main strand finished.
    Thu May 22 13:09:12 2025 : Rhodophyta analysis of complementary strand finished.
    Thu May 22 13:09:12 2025 : Phaeophyceae analysis of main strand finished.
    Thu May 22 13:09:12 2025 : Phaeophyceae analysis of complementary strand finished.
    Thu May 22 13:09:12 2025 : Marchantiophyta analysis of main strand finished.
    Thu May 22 13:09:12 2025 : Marchantiophyta analysis of complementary strand finished.
    Thu May 22 13:09:12 2025 : Metazoa analysis of main strand finished.
    Thu May 22 13:09:12 2025 : Metazoa analysis of complementary strand finished.
    Thu May 22 13:09:12 2025 : Oomycota analysis of main strand finished.
    Thu May 22 13:09:12 2025 : Oomycota analysis of complementary strand finished.
    Thu May 22 13:09:12 2025 : Haptophyceae analysis of main strand finished.
    Thu May 22 13:09:12 2025 : Haptophyceae analysis of complementary strand finished.
    Thu May 22 13:09:12 2025 : Raphidophyceae analysis of main strand finished.
    Thu May 22 13:09:12 2025 : Raphidophyceae analysis of complementary strand finished.
    Thu May 22 13:09:12 2025 : Rhizaria analysis of main strand finished.
    Thu May 22 13:09:12 2025 : Rhizaria analysis of complementary strand finished.
    Thu May 22 13:09:12 2025 : Synurophyceae analysis of main strand finished.
    Thu May 22 13:09:12 2025 : Synurophyceae analysis of complementary strand finished.
    Thu May 22 13:09:12 2025 : Tracheophyta analysis of main strand finished.
    Thu May 22 13:09:12 2025 : Tracheophyta analysis of complementary strand finished.
    Thu May 22 13:09:12 2025 : Eustigmatophyceae analysis of main strand finished.
    Thu May 22 13:09:12 2025 : Eustigmatophyceae analysis of complementary strand finished.
Thu May 22 13:09:12 2025 : Analysing results of HMM-scan (this might take quite some time)...
Thu May 22 13:09:12 2025 : Extraction finished!
-----------------------------------------------------------------
Thank you for using ITSx!
Please report bugs or unsupported lineages to itsx@microbiology.se


Error: Sequence file /tmp/ORG.organnot_proc_7_VEuTRE/Fritillaria_camschatcensis:61236.norm.fasta is empty or misformatted

2025-05-22 13:09:12 [OA INFO ] 2648 -- Done.
2025-05-22 13:09:12 [OA INFO ] 7 -- Done.
2025-05-22 13:09:12 [OA INFO ] 7 -- Printing minimal header...
2025-05-22 13:09:12 [OA INFO ] 7 -- Done.
2025-05-22 13:09:12 [OA INFO ] 7 -- Printing annotations header...
2025-05-22 13:09:12 [OA INFO ] 7 -- Done.
2025-05-22 13:09:12 [OA INFO ] 7 -- Printing the source feature
2025-05-22 13:09:12 [OA INFO ] 7 -- Nuclear sequence
2025-05-22 13:09:12 [OA INFO ] 7 -- Done.
2025-05-22 13:09:12 [OA INFO ] 7 -- Ordering annotations...
2025-05-22 13:09:12 [OA INFO ] 7 -- Done.
2025-05-22 13:09:12 [OA INFO ] 7 -- Unifying gene names
2025-05-22 13:09:12 [OA INFO ] 7 -- Done.
2025-05-22 13:09:12 [OA INFO ] 7 -- Clearing locus tags done.
2025-05-22 13:09:12 [OA INFO ] 7 -- Clearing of tags done.
2025-05-22 13:09:12 [OA INFO ] 7 -- Closing annotations table...
2025-05-22 13:09:12 [OA INFO ] 7 -- Done.
2025-05-22 13:09:12 [OA INFO ] 7 -- Computing statistics on nucleotide usage...
2025-05-22 13:09:12 [OA INFO ] 7 -- Done.
2025-05-22 13:09:12 [OA INFO ] 7 -- Reformating sequences...
2025-05-22 13:09:12 [OA INFO ] 7 -- Sequence length 1
2025-05-22 13:09:12 [OA INFO ] 7 -- lines 0
2025-05-22 13:09:12 [OA INFO ] 7 -- Done.
2025-05-22 13:09:12 [OA INFO ] 7 -- Closing sequence part...
2025-05-22 13:09:12 [OA INFO ] 7 -- Done.
2025-05-22 13:09:12 [OA INFO   ] 7 -- Annotation done.
