2025-05-22 13:58:00 [OA INFO ] 7 -- Locus tag prefix provided: no
2025-05-22 13:58:00 [OA INFO ] 7 -- Locus tag numbered from..: 1
2025-05-22 13:58:00 [OA INFO ] 7 -- NCBI taxid provided......: no
2025-05-22 13:58:00 [OA INFO ] 7 -- Annotating mode..........: nucrdna
2025-05-22 13:58:00 [OA INFO ] 7 -- Sequence normalization...: yes
2025-05-22 13:58:00 [OA INFO ] 7 -- IR detection mode........: yes
2025-05-22 13:58:00 [OA INFO ] 7 -- CDS detection mode.......: yes
2025-05-22 13:58:00 [OA INFO ] 7 -- pass 1........: yes
2025-05-22 13:58:00 [OA INFO ] 7 -- pass 2........: yes
2025-05-22 13:58:00 [OA INFO ] 7 -- pass 3........: yes
2025-05-22 13:58:00 [OA INFO ] 7 -- tRNA detection mode......: yes
2025-05-22 13:58:00 [OA INFO ] 7 -- rRNA detection mode......: yes
2025-05-22 13:58:00 [OA INFO ] 7 -- Organism.................: no
2025-05-22 13:58:00 [OA INFO ] 7 -- Country..................: no
2025-05-22 13:58:00 [OA INFO ] 7 -- Partial mode.............: 0
2025-05-22 13:58:00 [OA INFO ] 7 -- Minimum length...........: 0
2025-05-22 13:58:00 [OA INFO ] 7 -- Annotating a plant rDNA cistron...
2025-05-22 13:58:00 [OA INFO ] 7 -- Normalizing the structure of the cistron sequence...
2025-05-22 13:58:00 [OA INFO ] 59 -- Normalizing nuclear rDNA cistron...
2025-05-22 13:58:00 [OA INFO ] 59 -- Sequence length 4406
2025-05-22 13:58:01 [OA INFO ] 59 -- Done.
2025-05-22 13:58:01 [OA INFO ] 7 -- Done.
2025-05-22 13:58:01 [OA INFO ] 7 -- Annotating the rRNA genes...
2025-05-22 13:58:01 [OA INFO ] 141 -- Annotating ITS and TSU...
ITSx -- Identifies ITS sequences and extracts the ITS region
by Johan Bengtsson-Palme et al., University of Gothenburg
Version: 1.0.11
-----------------------------------------------------------------
Thu May 22 13:58:01 2025 : Preparing HMM database (should be quick)...
Thu May 22 13:58:01 2025 : Checking and handling input sequence data (should not take long)...
Thu May 22 13:58:01 2025 : Comparing sequences to HMM database (this may take a long while)...
    Thu May 22 13:58:01 2025 : Alveolates analysis of main strand finished.
    Thu May 22 13:58:01 2025 : Alveolates analysis of complementary strand finished.
    Thu May 22 13:58:01 2025 : Bryophyta analysis of main strand finished.
    Thu May 22 13:58:01 2025 : Bryophyta analysis of complementary strand finished.
    Thu May 22 13:58:01 2025 : Bacillariophyta analysis of main strand finished.
    Thu May 22 13:58:01 2025 : Bacillariophyta analysis of complementary strand finished.
    Thu May 22 13:58:01 2025 : Amoebozoa analysis of main strand finished.
    Thu May 22 13:58:01 2025 : Amoebozoa analysis of complementary strand finished.
    Thu May 22 13:58:01 2025 : Euglenozoa analysis of main strand finished.
    Thu May 22 13:58:01 2025 : Euglenozoa analysis of complementary strand finished.
    Thu May 22 13:58:02 2025 : Fungi analysis of main strand finished.
    Thu May 22 13:58:02 2025 : Fungi analysis of complementary strand finished.
    Thu May 22 13:58:02 2025 : Chlorophyta analysis of main strand finished.
    Thu May 22 13:58:02 2025 : Chlorophyta analysis of complementary strand finished.
    Thu May 22 13:58:02 2025 : Rhodophyta analysis of main strand finished.
    Thu May 22 13:58:02 2025 : Rhodophyta analysis of complementary strand finished.
    Thu May 22 13:58:02 2025 : Phaeophyceae analysis of main strand finished.
    Thu May 22 13:58:02 2025 : Phaeophyceae analysis of complementary strand finished.
    Thu May 22 13:58:02 2025 : Marchantiophyta analysis of main strand finished.
    Thu May 22 13:58:02 2025 : Marchantiophyta analysis of complementary strand finished.
    Thu May 22 13:58:03 2025 : Metazoa analysis of main strand finished.
    Thu May 22 13:58:03 2025 : Metazoa analysis of complementary strand finished.
    Thu May 22 13:58:03 2025 : Oomycota analysis of main strand finished.
    Thu May 22 13:58:03 2025 : Oomycota analysis of complementary strand finished.
    Thu May 22 13:58:03 2025 : Haptophyceae analysis of main strand finished.
    Thu May 22 13:58:03 2025 : Haptophyceae analysis of complementary strand finished.
    Thu May 22 13:58:03 2025 : Raphidophyceae analysis of main strand finished.
    Thu May 22 13:58:03 2025 : Raphidophyceae analysis of complementary strand finished.
    Thu May 22 13:58:03 2025 : Rhizaria analysis of main strand finished.
    Thu May 22 13:58:04 2025 : Rhizaria analysis of complementary strand finished.
    Thu May 22 13:58:04 2025 : Synurophyceae analysis of main strand finished.
    Thu May 22 13:58:04 2025 : Synurophyceae analysis of complementary strand finished.
    Thu May 22 13:58:04 2025 : Tracheophyta analysis of main strand finished.
    Thu May 22 13:58:04 2025 : Tracheophyta analysis of complementary strand finished.
    Thu May 22 13:58:04 2025 : Eustigmatophyceae analysis of main strand finished.
    Thu May 22 13:58:04 2025 : Eustigmatophyceae analysis of complementary strand finished.
Thu May 22 13:58:04 2025 : Analysing results of HMM-scan (this might take quite some time)...
Thu May 22 13:58:04 2025 : Extraction finished!
-----------------------------------------------------------------
Thank you for using ITSx!
Please report bugs or unsupported lineages to itsx@microbiology.se

2025-05-22 13:58:05 [OA INFO ] 141 -- Done.
2025-05-22 13:58:05 [OA INFO ] 7 -- Done.
2025-05-22 13:58:05 [OA INFO ] 7 -- Printing minimal header...
2025-05-22 13:58:05 [OA INFO ] 7 -- Done.
2025-05-22 13:58:05 [OA INFO ] 7 -- Printing annotations header...
2025-05-22 13:58:05 [OA INFO ] 7 -- Done.
2025-05-22 13:58:05 [OA INFO ] 7 -- Printing the source feature
2025-05-22 13:58:05 [OA INFO ] 7 -- Nuclear sequence
2025-05-22 13:58:05 [OA INFO ] 7 -- Done.
2025-05-22 13:58:05 [OA INFO ] 7 -- Ordering annotations...
2025-05-22 13:58:05 [OA INFO ] 7 -- Done.
2025-05-22 13:58:05 [OA INFO ] 7 -- Unifying gene names
2025-05-22 13:58:05 [OA INFO ] 7 -- Done.
2025-05-22 13:58:05 [OA INFO ] 7 -- Clearing locus tags done.
2025-05-22 13:58:05 [OA INFO ] 7 -- Clearing of tags done.
2025-05-22 13:58:05 [OA INFO ] 7 -- Closing annotations table...
2025-05-22 13:58:05 [OA INFO ] 7 -- Done.
2025-05-22 13:58:05 [OA INFO ] 7 -- Computing statistics on nucleotide usage...
2025-05-22 13:58:05 [OA INFO ] 7 -- Done.
2025-05-22 13:58:05 [OA INFO ] 7 -- Reformating sequences...
2025-05-22 13:58:05 [OA INFO ] 7 -- Sequence length 4406
2025-05-22 13:58:05 [OA INFO ] 7 -- lines 75
2025-05-22 13:58:05 [OA INFO ] 7 -- Done.
2025-05-22 13:58:05 [OA INFO ] 7 -- Closing sequence part...
2025-05-22 13:58:05 [OA INFO ] 7 -- Done.
2025-05-22 13:58:05 [OA INFO ] 7 -- Annotating a plant rDNA cistron...
2025-05-22 13:58:05 [OA INFO ] 7 -- Normalizing the structure of the cistron sequence...
2025-05-22 13:58:05 [OA INFO ] 426 -- Normalizing nuclear rDNA cistron...
2025-05-22 13:58:05 [OA INFO ] 426 -- Sequence length 419
2025-05-22 13:58:05 [OA ERROR ] 426 -- Cannot determine the Cistron orientation
2025-05-22 13:58:05 [OA INFO ] 7 -- Done.
2025-05-22 13:58:05 [OA INFO ] 7 -- Annotating the rRNA genes...
2025-05-22 13:58:05 [OA INFO ] 502 -- Annotating ITS and TSU...
ITSx -- Identifies ITS sequences and extracts the ITS region
by Johan Bengtsson-Palme et al., University of Gothenburg
Version: 1.0.11
-----------------------------------------------------------------
Thu May 22 13:58:05 2025 : Preparing HMM database (should be quick)...
Thu May 22 13:58:05 2025 : Checking and handling input sequence data (should not take long)...
Thu May 22 13:58:05 2025 : Comparing sequences to HMM database (this may take a long while)...
    Thu May 22 13:58:05 2025 : Alveolates analysis of main strand finished.
    Thu May 22 13:58:05 2025 : Alveolates analysis of complementary strand finished.
    Thu May 22 13:58:05 2025 : Bryophyta analysis of main strand finished.
    Thu May 22 13:58:05 2025 : Bryophyta analysis of complementary strand finished.
    Thu May 22 13:58:05 2025 : Bacillariophyta analysis of main strand finished.
    Thu May 22 13:58:05 2025 : Bacillariophyta analysis of complementary strand finished.
    Thu May 22 13:58:05 2025 : Amoebozoa analysis of main strand finished.
    Thu May 22 13:58:05 2025 : Amoebozoa analysis of complementary strand finished.
    Thu May 22 13:58:05 2025 : Euglenozoa analysis of main strand finished.
    Thu May 22 13:58:05 2025 : Euglenozoa analysis of complementary strand finished.
    Thu May 22 13:58:05 2025 : Fungi analysis of main strand finished.
    Thu May 22 13:58:05 2025 : Fungi analysis of complementary strand finished.
    Thu May 22 13:58:05 2025 : Chlorophyta analysis of main strand finished.
    Thu May 22 13:58:05 2025 : Chlorophyta analysis of complementary strand finished.
    Thu May 22 13:58:05 2025 : Rhodophyta analysis of main strand finished.
    Thu May 22 13:58:05 2025 : Rhodophyta analysis of complementary strand finished.
    Thu May 22 13:58:05 2025 : Phaeophyceae analysis of main strand finished.
    Thu May 22 13:58:05 2025 : Phaeophyceae analysis of complementary strand finished.
    Thu May 22 13:58:05 2025 : Marchantiophyta analysis of main strand finished.
    Thu May 22 13:58:05 2025 : Marchantiophyta analysis of complementary strand finished.
    Thu May 22 13:58:05 2025 : Metazoa analysis of main strand finished.
    Thu May 22 13:58:05 2025 : Metazoa analysis of complementary strand finished.
    Thu May 22 13:58:05 2025 : Oomycota analysis of main strand finished.
    Thu May 22 13:58:05 2025 : Oomycota analysis of complementary strand finished.
    Thu May 22 13:58:05 2025 : Haptophyceae analysis of main strand finished.
    Thu May 22 13:58:05 2025 : Haptophyceae analysis of complementary strand finished.
    Thu May 22 13:58:05 2025 : Raphidophyceae analysis of main strand finished.
    Thu May 22 13:58:05 2025 : Raphidophyceae analysis of complementary strand finished.
    Thu May 22 13:58:05 2025 : Rhizaria analysis of main strand finished.
    Thu May 22 13:58:05 2025 : Rhizaria analysis of complementary strand finished.
    Thu May 22 13:58:05 2025 : Synurophyceae analysis of main strand finished.
    Thu May 22 13:58:05 2025 : Synurophyceae analysis of complementary strand finished.
    Thu May 22 13:58:05 2025 : Tracheophyta analysis of main strand finished.
    Thu May 22 13:58:05 2025 : Tracheophyta analysis of complementary strand finished.
    Thu May 22 13:58:05 2025 : Eustigmatophyceae analysis of main strand finished.
    Thu May 22 13:58:05 2025 : Eustigmatophyceae analysis of complementary strand finished.
Thu May 22 13:58:05 2025 : Analysing results of HMM-scan (this might take quite some time)...
Thu May 22 13:58:05 2025 : Extraction finished!
-----------------------------------------------------------------
Thank you for using ITSx!
Please report bugs or unsupported lineages to itsx@microbiology.se


Error: Sequence file /tmp/ORG.organnot_proc_7_sOtUNQ/Platanthera_hyperborea:413038.norm.fasta is empty or misformatted

2025-05-22 13:58:05 [OA INFO ] 502 -- Done.
2025-05-22 13:58:05 [OA INFO ] 7 -- Done.
2025-05-22 13:58:05 [OA INFO ] 7 -- Printing minimal header...
2025-05-22 13:58:05 [OA INFO ] 7 -- Done.
2025-05-22 13:58:05 [OA INFO ] 7 -- Printing annotations header...
2025-05-22 13:58:05 [OA INFO ] 7 -- Done.
2025-05-22 13:58:05 [OA INFO ] 7 -- Printing the source feature
2025-05-22 13:58:05 [OA INFO ] 7 -- Nuclear sequence
2025-05-22 13:58:05 [OA INFO ] 7 -- Done.
2025-05-22 13:58:05 [OA INFO ] 7 -- Ordering annotations...
2025-05-22 13:58:05 [OA INFO ] 7 -- Done.
2025-05-22 13:58:05 [OA INFO ] 7 -- Unifying gene names
2025-05-22 13:58:05 [OA INFO ] 7 -- Done.
2025-05-22 13:58:05 [OA INFO ] 7 -- Clearing locus tags done.
2025-05-22 13:58:05 [OA INFO ] 7 -- Clearing of tags done.
2025-05-22 13:58:05 [OA INFO ] 7 -- Closing annotations table...
2025-05-22 13:58:05 [OA INFO ] 7 -- Done.
2025-05-22 13:58:05 [OA INFO ] 7 -- Computing statistics on nucleotide usage...
2025-05-22 13:58:05 [OA INFO ] 7 -- Done.
2025-05-22 13:58:05 [OA INFO ] 7 -- Reformating sequences...
2025-05-22 13:58:05 [OA INFO ] 7 -- Sequence length 1
2025-05-22 13:58:05 [OA INFO ] 7 -- lines 0
2025-05-22 13:58:05 [OA INFO ] 7 -- Done.
2025-05-22 13:58:05 [OA INFO ] 7 -- Closing sequence part...
2025-05-22 13:58:05 [OA INFO ] 7 -- Done.
2025-05-22 13:58:05 [OA INFO ] 7 -- Annotating a plant rDNA cistron...
2025-05-22 13:58:05 [OA INFO ] 7 -- Normalizing the structure of the cistron sequence...
2025-05-22 13:58:05 [OA INFO ] 722 -- Normalizing nuclear rDNA cistron...
2025-05-22 13:58:05 [OA INFO ] 722 -- Sequence length 578
2025-05-22 13:58:05 [OA ERROR ] 722 -- Cannot determine the Cistron orientation
2025-05-22 13:58:05 [OA INFO ] 7 -- Done.
2025-05-22 13:58:05 [OA INFO ] 7 -- Annotating the rRNA genes...
2025-05-22 13:58:05 [OA INFO ] 798 -- Annotating ITS and TSU...
ITSx -- Identifies ITS sequences and extracts the ITS region
by Johan Bengtsson-Palme et al., University of Gothenburg
Version: 1.0.11
-----------------------------------------------------------------
Thu May 22 13:58:05 2025 : Preparing HMM database (should be quick)...
Thu May 22 13:58:05 2025 : Checking and handling input sequence data (should not take long)...
Thu May 22 13:58:05 2025 : Comparing sequences to HMM database (this may take a long while)...
    Thu May 22 13:58:05 2025 : Alveolates analysis of main strand finished.
    Thu May 22 13:58:05 2025 : Alveolates analysis of complementary strand finished.
    Thu May 22 13:58:05 2025 : Bryophyta analysis of main strand finished.
    Thu May 22 13:58:05 2025 : Bryophyta analysis of complementary strand finished.
    Thu May 22 13:58:05 2025 : Bacillariophyta analysis of main strand finished.
    Thu May 22 13:58:05 2025 : Bacillariophyta analysis of complementary strand finished.
    Thu May 22 13:58:05 2025 : Amoebozoa analysis of main strand finished.
    Thu May 22 13:58:05 2025 : Amoebozoa analysis of complementary strand finished.
    Thu May 22 13:58:05 2025 : Euglenozoa analysis of main strand finished.
    Thu May 22 13:58:05 2025 : Euglenozoa analysis of complementary strand finished.
    Thu May 22 13:58:05 2025 : Fungi analysis of main strand finished.
    Thu May 22 13:58:05 2025 : Fungi analysis of complementary strand finished.
    Thu May 22 13:58:05 2025 : Chlorophyta analysis of main strand finished.
    Thu May 22 13:58:05 2025 : Chlorophyta analysis of complementary strand finished.
    Thu May 22 13:58:05 2025 : Rhodophyta analysis of main strand finished.
    Thu May 22 13:58:05 2025 : Rhodophyta analysis of complementary strand finished.
    Thu May 22 13:58:05 2025 : Phaeophyceae analysis of main strand finished.
    Thu May 22 13:58:05 2025 : Phaeophyceae analysis of complementary strand finished.
    Thu May 22 13:58:05 2025 : Marchantiophyta analysis of main strand finished.
    Thu May 22 13:58:05 2025 : Marchantiophyta analysis of complementary strand finished.
    Thu May 22 13:58:05 2025 : Metazoa analysis of main strand finished.
    Thu May 22 13:58:05 2025 : Metazoa analysis of complementary strand finished.
    Thu May 22 13:58:05 2025 : Oomycota analysis of main strand finished.
    Thu May 22 13:58:05 2025 : Oomycota analysis of complementary strand finished.
    Thu May 22 13:58:05 2025 : Haptophyceae analysis of main strand finished.
    Thu May 22 13:58:05 2025 : Haptophyceae analysis of complementary strand finished.
    Thu May 22 13:58:05 2025 : Raphidophyceae analysis of main strand finished.
    Thu May 22 13:58:05 2025 : Raphidophyceae analysis of complementary strand finished.
    Thu May 22 13:58:05 2025 : Rhizaria analysis of main strand finished.
    Thu May 22 13:58:05 2025 : Rhizaria analysis of complementary strand finished.
    Thu May 22 13:58:05 2025 : Synurophyceae analysis of main strand finished.
    Thu May 22 13:58:05 2025 : Synurophyceae analysis of complementary strand finished.
    Thu May 22 13:58:05 2025 : Tracheophyta analysis of main strand finished.
    Thu May 22 13:58:05 2025 : Tracheophyta analysis of complementary strand finished.
    Thu May 22 13:58:05 2025 : Eustigmatophyceae analysis of main strand finished.
    Thu May 22 13:58:05 2025 : Eustigmatophyceae analysis of complementary strand finished.
Thu May 22 13:58:05 2025 : Analysing results of HMM-scan (this might take quite some time)...
Thu May 22 13:58:05 2025 : Extraction finished!
-----------------------------------------------------------------
Thank you for using ITSx!
Please report bugs or unsupported lineages to itsx@microbiology.se


Error: Sequence file /tmp/ORG.organnot_proc_7_sOtUNQ/Platanthera_hyperborea:413038.norm.fasta is empty or misformatted

2025-05-22 13:58:05 [OA INFO ] 798 -- Done.
2025-05-22 13:58:05 [OA INFO ] 7 -- Done.
2025-05-22 13:58:05 [OA INFO ] 7 -- Printing minimal header...
2025-05-22 13:58:05 [OA INFO ] 7 -- Done.
2025-05-22 13:58:05 [OA INFO ] 7 -- Printing annotations header...
2025-05-22 13:58:05 [OA INFO ] 7 -- Done.
2025-05-22 13:58:05 [OA INFO ] 7 -- Printing the source feature
2025-05-22 13:58:05 [OA INFO ] 7 -- Nuclear sequence
2025-05-22 13:58:05 [OA INFO ] 7 -- Done.
2025-05-22 13:58:05 [OA INFO ] 7 -- Ordering annotations...
2025-05-22 13:58:05 [OA INFO ] 7 -- Done.
2025-05-22 13:58:05 [OA INFO ] 7 -- Unifying gene names
2025-05-22 13:58:05 [OA INFO ] 7 -- Done.
2025-05-22 13:58:05 [OA INFO ] 7 -- Clearing locus tags done.
2025-05-22 13:58:05 [OA INFO ] 7 -- Clearing of tags done.
2025-05-22 13:58:05 [OA INFO ] 7 -- Closing annotations table...
2025-05-22 13:58:05 [OA INFO ] 7 -- Done.
2025-05-22 13:58:05 [OA INFO ] 7 -- Computing statistics on nucleotide usage...
2025-05-22 13:58:05 [OA INFO ] 7 -- Done.
2025-05-22 13:58:05 [OA INFO ] 7 -- Reformating sequences...
2025-05-22 13:58:05 [OA INFO ] 7 -- Sequence length 1
2025-05-22 13:58:05 [OA INFO ] 7 -- lines 0
2025-05-22 13:58:05 [OA INFO ] 7 -- Done.
2025-05-22 13:58:05 [OA INFO ] 7 -- Closing sequence part...
2025-05-22 13:58:05 [OA INFO ] 7 -- Done.
2025-05-22 13:58:05 [OA INFO ] 7 -- Annotating a plant rDNA cistron...
2025-05-22 13:58:05 [OA INFO ] 7 -- Normalizing the structure of the cistron sequence...
2025-05-22 13:58:05 [OA INFO ] 1018 -- Normalizing nuclear rDNA cistron...
2025-05-22 13:58:05 [OA INFO ] 1018 -- Sequence length 685
2025-05-22 13:58:06 [OA ERROR ] 1018 -- Cannot determine the Cistron orientation
2025-05-22 13:58:06 [OA INFO ] 7 -- Done.
2025-05-22 13:58:06 [OA INFO ] 7 -- Annotating the rRNA genes...
2025-05-22 13:58:06 [OA INFO ] 1094 -- Annotating ITS and TSU...
ITSx -- Identifies ITS sequences and extracts the ITS region
by Johan Bengtsson-Palme et al., University of Gothenburg
Version: 1.0.11
-----------------------------------------------------------------
Thu May 22 13:58:06 2025 : Preparing HMM database (should be quick)...
Thu May 22 13:58:06 2025 : Checking and handling input sequence data (should not take long)...
Thu May 22 13:58:06 2025 : Comparing sequences to HMM database (this may take a long while)...
    Thu May 22 13:58:06 2025 : Alveolates analysis of main strand finished.
    Thu May 22 13:58:06 2025 : Alveolates analysis of complementary strand finished.
    Thu May 22 13:58:06 2025 : Bryophyta analysis of main strand finished.
    Thu May 22 13:58:06 2025 : Bryophyta analysis of complementary strand finished.
    Thu May 22 13:58:06 2025 : Bacillariophyta analysis of main strand finished.
    Thu May 22 13:58:06 2025 : Bacillariophyta analysis of complementary strand finished.
    Thu May 22 13:58:06 2025 : Amoebozoa analysis of main strand finished.
    Thu May 22 13:58:06 2025 : Amoebozoa analysis of complementary strand finished.
    Thu May 22 13:58:06 2025 : Euglenozoa analysis of main strand finished.
    Thu May 22 13:58:06 2025 : Euglenozoa analysis of complementary strand finished.
    Thu May 22 13:58:06 2025 : Fungi analysis of main strand finished.
    Thu May 22 13:58:06 2025 : Fungi analysis of complementary strand finished.
    Thu May 22 13:58:06 2025 : Chlorophyta analysis of main strand finished.
    Thu May 22 13:58:06 2025 : Chlorophyta analysis of complementary strand finished.
    Thu May 22 13:58:06 2025 : Rhodophyta analysis of main strand finished.
    Thu May 22 13:58:06 2025 : Rhodophyta analysis of complementary strand finished.
    Thu May 22 13:58:06 2025 : Phaeophyceae analysis of main strand finished.
    Thu May 22 13:58:06 2025 : Phaeophyceae analysis of complementary strand finished.
    Thu May 22 13:58:06 2025 : Marchantiophyta analysis of main strand finished.
    Thu May 22 13:58:06 2025 : Marchantiophyta analysis of complementary strand finished.
    Thu May 22 13:58:06 2025 : Metazoa analysis of main strand finished.
    Thu May 22 13:58:06 2025 : Metazoa analysis of complementary strand finished.
    Thu May 22 13:58:06 2025 : Oomycota analysis of main strand finished.
    Thu May 22 13:58:06 2025 : Oomycota analysis of complementary strand finished.
    Thu May 22 13:58:06 2025 : Haptophyceae analysis of main strand finished.
    Thu May 22 13:58:06 2025 : Haptophyceae analysis of complementary strand finished.
    Thu May 22 13:58:06 2025 : Raphidophyceae analysis of main strand finished.
    Thu May 22 13:58:06 2025 : Raphidophyceae analysis of complementary strand finished.
    Thu May 22 13:58:06 2025 : Rhizaria analysis of main strand finished.
    Thu May 22 13:58:06 2025 : Rhizaria analysis of complementary strand finished.
    Thu May 22 13:58:06 2025 : Synurophyceae analysis of main strand finished.
    Thu May 22 13:58:06 2025 : Synurophyceae analysis of complementary strand finished.
    Thu May 22 13:58:06 2025 : Tracheophyta analysis of main strand finished.
    Thu May 22 13:58:06 2025 : Tracheophyta analysis of complementary strand finished.
    Thu May 22 13:58:06 2025 : Eustigmatophyceae analysis of main strand finished.
    Thu May 22 13:58:06 2025 : Eustigmatophyceae analysis of complementary strand finished.
Thu May 22 13:58:06 2025 : Analysing results of HMM-scan (this might take quite some time)...
Thu May 22 13:58:06 2025 : Extraction finished!
-----------------------------------------------------------------
Thank you for using ITSx!
Please report bugs or unsupported lineages to itsx@microbiology.se


Error: Sequence file /tmp/ORG.organnot_proc_7_sOtUNQ/Platanthera_hyperborea:413038.norm.fasta is empty or misformatted

2025-05-22 13:58:06 [OA INFO ] 1094 -- Done.
2025-05-22 13:58:06 [OA INFO ] 7 -- Done.
2025-05-22 13:58:06 [OA INFO ] 7 -- Printing minimal header...
2025-05-22 13:58:06 [OA INFO ] 7 -- Done.
2025-05-22 13:58:06 [OA INFO ] 7 -- Printing annotations header...
2025-05-22 13:58:06 [OA INFO ] 7 -- Done.
2025-05-22 13:58:06 [OA INFO ] 7 -- Printing the source feature
2025-05-22 13:58:06 [OA INFO ] 7 -- Nuclear sequence
2025-05-22 13:58:06 [OA INFO ] 7 -- Done.
2025-05-22 13:58:06 [OA INFO ] 7 -- Ordering annotations...
2025-05-22 13:58:06 [OA INFO ] 7 -- Done.
2025-05-22 13:58:06 [OA INFO ] 7 -- Unifying gene names
2025-05-22 13:58:06 [OA INFO ] 7 -- Done.
2025-05-22 13:58:06 [OA INFO ] 7 -- Clearing locus tags done.
2025-05-22 13:58:06 [OA INFO ] 7 -- Clearing of tags done.
2025-05-22 13:58:06 [OA INFO ] 7 -- Closing annotations table...
2025-05-22 13:58:06 [OA INFO ] 7 -- Done.
2025-05-22 13:58:06 [OA INFO ] 7 -- Computing statistics on nucleotide usage...
2025-05-22 13:58:06 [OA INFO ] 7 -- Done.
2025-05-22 13:58:06 [OA INFO ] 7 -- Reformating sequences...
2025-05-22 13:58:06 [OA INFO ] 7 -- Sequence length 1
2025-05-22 13:58:06 [OA INFO ] 7 -- lines 0
2025-05-22 13:58:06 [OA INFO ] 7 -- Done.
2025-05-22 13:58:06 [OA INFO ] 7 -- Closing sequence part...
2025-05-22 13:58:06 [OA INFO ] 7 -- Done.
2025-05-22 13:58:06 [OA INFO ] 7 -- Annotating a plant rDNA cistron...
2025-05-22 13:58:06 [OA INFO ] 7 -- Normalizing the structure of the cistron sequence...
2025-05-22 13:58:06 [OA INFO ] 1314 -- Normalizing nuclear rDNA cistron...
2025-05-22 13:58:06 [OA INFO ] 1314 -- Sequence length 271
2025-05-22 13:58:06 [OA ERROR ] 1314 -- Cannot determine the Cistron orientation
2025-05-22 13:58:06 [OA INFO ] 7 -- Done.
2025-05-22 13:58:06 [OA INFO ] 7 -- Annotating the rRNA genes...
2025-05-22 13:58:06 [OA INFO ] 1390 -- Annotating ITS and TSU...
ITSx -- Identifies ITS sequences and extracts the ITS region
by Johan Bengtsson-Palme et al., University of Gothenburg
Version: 1.0.11
-----------------------------------------------------------------
Thu May 22 13:58:06 2025 : Preparing HMM database (should be quick)...
Thu May 22 13:58:06 2025 : Checking and handling input sequence data (should not take long)...
Thu May 22 13:58:06 2025 : Comparing sequences to HMM database (this may take a long while)...
    Thu May 22 13:58:06 2025 : Alveolates analysis of main strand finished.
    Thu May 22 13:58:06 2025 : Alveolates analysis of complementary strand finished.
    Thu May 22 13:58:06 2025 : Bryophyta analysis of main strand finished.
    Thu May 22 13:58:06 2025 : Bryophyta analysis of complementary strand finished.
    Thu May 22 13:58:06 2025 : Bacillariophyta analysis of main strand finished.
    Thu May 22 13:58:06 2025 : Bacillariophyta analysis of complementary strand finished.
    Thu May 22 13:58:06 2025 : Amoebozoa analysis of main strand finished.
    Thu May 22 13:58:06 2025 : Amoebozoa analysis of complementary strand finished.
    Thu May 22 13:58:06 2025 : Euglenozoa analysis of main strand finished.
    Thu May 22 13:58:06 2025 : Euglenozoa analysis of complementary strand finished.
    Thu May 22 13:58:06 2025 : Fungi analysis of main strand finished.
    Thu May 22 13:58:06 2025 : Fungi analysis of complementary strand finished.
    Thu May 22 13:58:06 2025 : Chlorophyta analysis of main strand finished.
    Thu May 22 13:58:06 2025 : Chlorophyta analysis of complementary strand finished.
    Thu May 22 13:58:06 2025 : Rhodophyta analysis of main strand finished.
    Thu May 22 13:58:06 2025 : Rhodophyta analysis of complementary strand finished.
    Thu May 22 13:58:06 2025 : Phaeophyceae analysis of main strand finished.
    Thu May 22 13:58:06 2025 : Phaeophyceae analysis of complementary strand finished.
    Thu May 22 13:58:06 2025 : Marchantiophyta analysis of main strand finished.
    Thu May 22 13:58:06 2025 : Marchantiophyta analysis of complementary strand finished.
    Thu May 22 13:58:06 2025 : Metazoa analysis of main strand finished.
    Thu May 22 13:58:06 2025 : Metazoa analysis of complementary strand finished.
    Thu May 22 13:58:06 2025 : Oomycota analysis of main strand finished.
    Thu May 22 13:58:06 2025 : Oomycota analysis of complementary strand finished.
    Thu May 22 13:58:06 2025 : Haptophyceae analysis of main strand finished.
    Thu May 22 13:58:06 2025 : Haptophyceae analysis of complementary strand finished.
    Thu May 22 13:58:06 2025 : Raphidophyceae analysis of main strand finished.
    Thu May 22 13:58:06 2025 : Raphidophyceae analysis of complementary strand finished.
    Thu May 22 13:58:06 2025 : Rhizaria analysis of main strand finished.
    Thu May 22 13:58:06 2025 : Rhizaria analysis of complementary strand finished.
    Thu May 22 13:58:06 2025 : Synurophyceae analysis of main strand finished.
    Thu May 22 13:58:06 2025 : Synurophyceae analysis of complementary strand finished.
    Thu May 22 13:58:06 2025 : Tracheophyta analysis of main strand finished.
    Thu May 22 13:58:06 2025 : Tracheophyta analysis of complementary strand finished.
    Thu May 22 13:58:06 2025 : Eustigmatophyceae analysis of main strand finished.
    Thu May 22 13:58:06 2025 : Eustigmatophyceae analysis of complementary strand finished.
Thu May 22 13:58:06 2025 : Analysing results of HMM-scan (this might take quite some time)...
Thu May 22 13:58:06 2025 : Extraction finished!
-----------------------------------------------------------------
Thank you for using ITSx!
Please report bugs or unsupported lineages to itsx@microbiology.se


Error: Sequence file /tmp/ORG.organnot_proc_7_sOtUNQ/Platanthera_hyperborea:413038.norm.fasta is empty or misformatted

2025-05-22 13:58:06 [OA INFO ] 1390 -- Done.
2025-05-22 13:58:06 [OA INFO ] 7 -- Done.
2025-05-22 13:58:06 [OA INFO ] 7 -- Printing minimal header...
2025-05-22 13:58:06 [OA INFO ] 7 -- Done.
2025-05-22 13:58:06 [OA INFO ] 7 -- Printing annotations header...
2025-05-22 13:58:06 [OA INFO ] 7 -- Done.
2025-05-22 13:58:06 [OA INFO ] 7 -- Printing the source feature
2025-05-22 13:58:06 [OA INFO ] 7 -- Nuclear sequence
2025-05-22 13:58:06 [OA INFO ] 7 -- Done.
2025-05-22 13:58:06 [OA INFO ] 7 -- Ordering annotations...
2025-05-22 13:58:06 [OA INFO ] 7 -- Done.
2025-05-22 13:58:06 [OA INFO ] 7 -- Unifying gene names
2025-05-22 13:58:06 [OA INFO ] 7 -- Done.
2025-05-22 13:58:06 [OA INFO ] 7 -- Clearing locus tags done.
2025-05-22 13:58:06 [OA INFO ] 7 -- Clearing of tags done.
2025-05-22 13:58:06 [OA INFO ] 7 -- Closing annotations table...
2025-05-22 13:58:06 [OA INFO ] 7 -- Done.
2025-05-22 13:58:06 [OA INFO ] 7 -- Computing statistics on nucleotide usage...
2025-05-22 13:58:06 [OA INFO ] 7 -- Done.
2025-05-22 13:58:06 [OA INFO ] 7 -- Reformating sequences...
2025-05-22 13:58:06 [OA INFO ] 7 -- Sequence length 1
2025-05-22 13:58:06 [OA INFO ] 7 -- lines 0
2025-05-22 13:58:06 [OA INFO ] 7 -- Done.
2025-05-22 13:58:06 [OA INFO ] 7 -- Closing sequence part...
2025-05-22 13:58:06 [OA INFO ] 7 -- Done.
2025-05-22 13:58:06 [OA INFO ] 7 -- Annotating a plant rDNA cistron...
2025-05-22 13:58:06 [OA INFO ] 7 -- Normalizing the structure of the cistron sequence...
2025-05-22 13:58:06 [OA INFO ] 1610 -- Normalizing nuclear rDNA cistron...
2025-05-22 13:58:06 [OA INFO ] 1610 -- Sequence length 1630
2025-05-22 13:58:06 [OA ERROR ] 1610 -- Cannot determine the Cistron orientation
2025-05-22 13:58:06 [OA INFO ] 7 -- Done.
2025-05-22 13:58:06 [OA INFO ] 7 -- Annotating the rRNA genes...
2025-05-22 13:58:06 [OA INFO ] 1686 -- Annotating ITS and TSU...
ITSx -- Identifies ITS sequences and extracts the ITS region
by Johan Bengtsson-Palme et al., University of Gothenburg
Version: 1.0.11
-----------------------------------------------------------------
Thu May 22 13:58:06 2025 : Preparing HMM database (should be quick)...
Thu May 22 13:58:06 2025 : Checking and handling input sequence data (should not take long)...
Thu May 22 13:58:06 2025 : Comparing sequences to HMM database (this may take a long while)...
    Thu May 22 13:58:06 2025 : Alveolates analysis of main strand finished.
    Thu May 22 13:58:06 2025 : Alveolates analysis of complementary strand finished.
    Thu May 22 13:58:06 2025 : Bryophyta analysis of main strand finished.
    Thu May 22 13:58:06 2025 : Bryophyta analysis of complementary strand finished.
    Thu May 22 13:58:06 2025 : Bacillariophyta analysis of main strand finished.
    Thu May 22 13:58:06 2025 : Bacillariophyta analysis of complementary strand finished.
    Thu May 22 13:58:06 2025 : Amoebozoa analysis of main strand finished.
    Thu May 22 13:58:06 2025 : Amoebozoa analysis of complementary strand finished.
    Thu May 22 13:58:06 2025 : Euglenozoa analysis of main strand finished.
    Thu May 22 13:58:06 2025 : Euglenozoa analysis of complementary strand finished.
    Thu May 22 13:58:06 2025 : Fungi analysis of main strand finished.
    Thu May 22 13:58:06 2025 : Fungi analysis of complementary strand finished.
    Thu May 22 13:58:06 2025 : Chlorophyta analysis of main strand finished.
    Thu May 22 13:58:06 2025 : Chlorophyta analysis of complementary strand finished.
    Thu May 22 13:58:06 2025 : Rhodophyta analysis of main strand finished.
    Thu May 22 13:58:06 2025 : Rhodophyta analysis of complementary strand finished.
    Thu May 22 13:58:06 2025 : Phaeophyceae analysis of main strand finished.
    Thu May 22 13:58:06 2025 : Phaeophyceae analysis of complementary strand finished.
    Thu May 22 13:58:06 2025 : Marchantiophyta analysis of main strand finished.
    Thu May 22 13:58:06 2025 : Marchantiophyta analysis of complementary strand finished.
    Thu May 22 13:58:06 2025 : Metazoa analysis of main strand finished.
    Thu May 22 13:58:06 2025 : Metazoa analysis of complementary strand finished.
    Thu May 22 13:58:06 2025 : Oomycota analysis of main strand finished.
    Thu May 22 13:58:06 2025 : Oomycota analysis of complementary strand finished.
    Thu May 22 13:58:06 2025 : Haptophyceae analysis of main strand finished.
    Thu May 22 13:58:06 2025 : Haptophyceae analysis of complementary strand finished.
    Thu May 22 13:58:06 2025 : Raphidophyceae analysis of main strand finished.
    Thu May 22 13:58:06 2025 : Raphidophyceae analysis of complementary strand finished.
    Thu May 22 13:58:06 2025 : Rhizaria analysis of main strand finished.
    Thu May 22 13:58:06 2025 : Rhizaria analysis of complementary strand finished.
    Thu May 22 13:58:06 2025 : Synurophyceae analysis of main strand finished.
    Thu May 22 13:58:06 2025 : Synurophyceae analysis of complementary strand finished.
    Thu May 22 13:58:06 2025 : Tracheophyta analysis of main strand finished.
    Thu May 22 13:58:06 2025 : Tracheophyta analysis of complementary strand finished.
    Thu May 22 13:58:06 2025 : Eustigmatophyceae analysis of main strand finished.
    Thu May 22 13:58:06 2025 : Eustigmatophyceae analysis of complementary strand finished.
Thu May 22 13:58:06 2025 : Analysing results of HMM-scan (this might take quite some time)...
Thu May 22 13:58:06 2025 : Extraction finished!
-----------------------------------------------------------------
Thank you for using ITSx!
Please report bugs or unsupported lineages to itsx@microbiology.se


Error: Sequence file /tmp/ORG.organnot_proc_7_sOtUNQ/Platanthera_hyperborea:413038.norm.fasta is empty or misformatted

2025-05-22 13:58:06 [OA INFO ] 1686 -- Done.
2025-05-22 13:58:06 [OA INFO ] 7 -- Done.
2025-05-22 13:58:06 [OA INFO ] 7 -- Printing minimal header...
2025-05-22 13:58:06 [OA INFO ] 7 -- Done.
2025-05-22 13:58:06 [OA INFO ] 7 -- Printing annotations header...
2025-05-22 13:58:06 [OA INFO ] 7 -- Done.
2025-05-22 13:58:06 [OA INFO ] 7 -- Printing the source feature
2025-05-22 13:58:06 [OA INFO ] 7 -- Nuclear sequence
2025-05-22 13:58:06 [OA INFO ] 7 -- Done.
2025-05-22 13:58:06 [OA INFO ] 7 -- Ordering annotations...
2025-05-22 13:58:06 [OA INFO ] 7 -- Done.
2025-05-22 13:58:06 [OA INFO ] 7 -- Unifying gene names
2025-05-22 13:58:06 [OA INFO ] 7 -- Done.
2025-05-22 13:58:06 [OA INFO ] 7 -- Clearing locus tags done.
2025-05-22 13:58:06 [OA INFO ] 7 -- Clearing of tags done.
2025-05-22 13:58:06 [OA INFO ] 7 -- Closing annotations table...
2025-05-22 13:58:06 [OA INFO ] 7 -- Done.
2025-05-22 13:58:06 [OA INFO ] 7 -- Computing statistics on nucleotide usage...
2025-05-22 13:58:06 [OA INFO ] 7 -- Done.
2025-05-22 13:58:06 [OA INFO ] 7 -- Reformating sequences...
2025-05-22 13:58:06 [OA INFO ] 7 -- Sequence length 1
2025-05-22 13:58:06 [OA INFO ] 7 -- lines 0
2025-05-22 13:58:06 [OA INFO ] 7 -- Done.
2025-05-22 13:58:06 [OA INFO ] 7 -- Closing sequence part...
2025-05-22 13:58:06 [OA INFO ] 7 -- Done.
2025-05-22 13:58:06 [OA INFO   ] 7 -- Annotation done.
